<?xml version="1.0" encoding="UTF-8"?>
<!-- Generated by org.testng.reporters.JUnitReportReporter -->
<testsuite hostname="IN-L2504" name="com.yodlee.customizationtool.CreateSubBrand" tests="23" failures="0" timestamp="14 Jun 2021 09:19:27 GMT" time="1604.869" errors="0">
  <testcase name="testContactDetailsNegativeValidations" time="37.259" classname="com.yodlee.customizationtool.CreateSubBrand"/>
  <testcase name="testGeneralConfigurationNegativeValidations" time="18.366" classname="com.yodlee.customizationtool.CreateSubBrand"/>
  <testcase name="testGeneralConfigurationNegativeValidations" time="48.306" classname="com.yodlee.customizationtool.CreateSubBrand"/>
  <testcase name="testCreateAndViewSubBrandOverView" time="3.231" classname="com.yodlee.customizationtool.CreateSubBrand"/>
  <testcase name="testPrivateAuthSetupNegativeValidations" time="27.052" classname="com.yodlee.customizationtool.CreateSubBrand"/>
  <testcase name="testCreateAndViewSubBrandOverView" time="2.749" classname="com.yodlee.customizationtool.CreateSubBrand"/>
  <testcase name="testPrivateAuthSetupNegativeValidations" time="21.170" classname="com.yodlee.customizationtool.CreateSubBrand"/>
  <testcase name="testContactDetailsNegativeValidations" time="41.313" classname="com.yodlee.customizationtool.CreateSubBrand"/>
  <testcase name="testProductsAndAppSelectionNegativeValidations" time="35.053" classname="com.yodlee.customizationtool.CreateSubBrand"/>
  <testcase name="testPublicAuthSetupNegativeValidations" time="45.844" classname="com.yodlee.customizationtool.CreateSubBrand"/>
  <testcase name="testCreateAndViewSubBrandOverView" time="406.206" classname="com.yodlee.customizationtool.CreateSubBrand"/>
  <testcase name="testProductsAndAppSelectionNegativeValidations" time="33.400" classname="com.yodlee.customizationtool.CreateSubBrand"/>
  <testcase name="testContactDetailsNegativeValidations" time="37.786" classname="com.yodlee.customizationtool.CreateSubBrand"/>
  <testcase name="testCreateAndViewSubBrandOverView" time="3.026" classname="com.yodlee.customizationtool.CreateSubBrand"/>
  <testcase name="testGeneralConfigurationNegativeValidations" time="14.331" classname="com.yodlee.customizationtool.CreateSubBrand"/>
  <testcase name="testGeneralConfigurationNegativeValidations" time="15.032" classname="com.yodlee.customizationtool.CreateSubBrand"/>
  <testcase name="testPrivateAuthSetupNegativeValidations" time="27.029" classname="com.yodlee.customizationtool.CreateSubBrand"/>
  <testcase name="testPublicAuthSetupNegativeValidations" time="40.475" classname="com.yodlee.customizationtool.CreateSubBrand"/>
  <testcase name="testPublicAuthSetupNegativeValidations" time="40.416" classname="com.yodlee.customizationtool.CreateSubBrand"/>
  <testcase name="testCreateAndViewSubBrandOverView" time="2.529" classname="com.yodlee.customizationtool.CreateSubBrand"/>
  <testcase name="testPrivateAuthSetupNegativeValidations" time="32.596" classname="com.yodlee.customizationtool.CreateSubBrand"/>
  <testcase name="testCreateAndViewSubBrandOverView" time="647.974" classname="com.yodlee.customizationtool.CreateSubBrand"/>
  <testcase name="testContactDetailsNegativeValidations" time="23.726" classname="com.yodlee.customizationtool.CreateSubBrand"/>
</testsuite> <!-- com.yodlee.customizationtool.CreateSubBrand -->
