<?xml version="1.0" encoding="UTF-8"?>
<!-- Generated by org.testng.reporters.JUnitReportReporter -->
<testsuite hostname="IN-L2504" name="com.yodlee.customizationtool.Login" tests="5" failures="0" timestamp="14 Jun 2021 09:19:28 GMT" time="22.134" errors="0">
  <testcase name="testValidateLoginPageContents" time="2.367" classname="com.yodlee.customizationtool.Login"/>
  <testcase name="testValidateLogin" time="8.051" classname="com.yodlee.customizationtool.Login"/>
  <testcase name="testValidateLogin" time="4.576" classname="com.yodlee.customizationtool.Login"/>
  <testcase name="testValidateLogin" time="6.868" classname="com.yodlee.customizationtool.Login"/>
  <testcase name="testValidateMessageOnClickingForgotPasswordLink" time="0.272" classname="com.yodlee.customizationtool.Login"/>
</testsuite> <!-- com.yodlee.customizationtool.Login -->
