<?xml version="1.0" encoding="UTF-8"?>
<!-- Generated by org.testng.reporters.JUnitReportReporter -->
<testsuite hostname="IN-L2504" name="com.yodlee.customizationtool.EditSubBrand" tests="9" failures="2" timestamp="14 Jun 2021 09:19:28 GMT" time="2348.670" errors="0">
  <testcase name="testEditFlowStepperLinksAndBackLinksAndButton" time="25.004" classname="com.yodlee.customizationtool.EditSubBrand"/>
  <testcase name="testCreateAndEditSubBrandAndViewSubBrandOverview" time="2.444" classname="com.yodlee.customizationtool.EditSubBrand"/>
  <testcase name="testCreateAndEditSubBrandAndViewSubBrandOverview" time="2.416" classname="com.yodlee.customizationtool.EditSubBrand"/>
  <testcase name="testCreateAndEditSubBrandAndViewSubBrandOverview" time="1293.474" classname="com.yodlee.customizationtool.EditSubBrand">
    <failure type="java.lang.AssertionError" message="Edit Flow: View List of Sub-Brands Page: Publish Not Completed Even After 5 Minutes. Deployment Status Still Shows:Publish initiated in Public For Sub Brand Lumin14062021140827 expected [true] but found [false]">
      <![CDATA[java.lang.AssertionError: Edit Flow: View List of Sub-Brands Page: Publish Not Completed Even After 5 Minutes. Deployment Status Still Shows:Publish initiated in Public For Sub Brand Lumin14062021140827 expected [true] but found [false]
	at org.testng.Assert.fail(Assert.java:94)
	at org.testng.Assert.failNotEquals(Assert.java:513)
	at org.testng.Assert.assertTrue(Assert.java:42)
	at com.yodlee.customizationtool.EditSubBrand.testCreateAndEditSubBrandAndViewSubBrandOverview(EditSubBrand.java:1597)
	at sun.reflect.NativeMethodAccessorImpl.invoke0(Native Method)
	at sun.reflect.NativeMethodAccessorImpl.invoke(Unknown Source)
	at sun.reflect.DelegatingMethodAccessorImpl.invoke(Unknown Source)
	at java.lang.reflect.Method.invoke(Unknown Source)
	at org.testng.internal.MethodInvocationHelper.invokeMethod(MethodInvocationHelper.java:86)
	at org.testng.internal.Invoker.invokeMethod(Invoker.java:643)
	at org.testng.internal.Invoker.invokeTestMethod(Invoker.java:820)
	at org.testng.internal.Invoker.invokeTestMethods(Invoker.java:1128)
	at org.testng.internal.TestMethodWorker.invokeTestMethods(TestMethodWorker.java:129)
	at org.testng.internal.TestMethodWorker.run(TestMethodWorker.java:112)
	at org.testng.TestRunner.privateRun(TestRunner.java:782)
	at org.testng.TestRunner.run(TestRunner.java:632)
	at org.testng.SuiteRunner.runTest(SuiteRunner.java:366)
	at org.testng.SuiteRunner.runSequentially(SuiteRunner.java:361)
	at org.testng.SuiteRunner.privateRun(SuiteRunner.java:319)
	at org.testng.SuiteRunner.run(SuiteRunner.java:268)
	at org.testng.SuiteRunnerWorker.runSuite(SuiteRunnerWorker.java:52)
	at org.testng.SuiteRunnerWorker.run(SuiteRunnerWorker.java:86)
	at org.testng.TestNG.runSuitesSequentially(TestNG.java:1244)
	at org.testng.TestNG.runSuitesLocally(TestNG.java:1169)
	at org.testng.TestNG.run(TestNG.java:1064)
	at org.testng.remote.AbstractRemoteTestNG.run(AbstractRemoteTestNG.java:115)
	at org.testng.remote.RemoteTestNG.initAndRun(RemoteTestNG.java:251)
	at org.testng.remote.RemoteTestNG.main(RemoteTestNG.java:77)
]]>
    </failure>
  </testcase> <!-- testCreateAndEditSubBrandAndViewSubBrandOverview -->
  <testcase name="testCreateAndEditSubBrandAndViewSubBrandOverview" time="2.487" classname="com.yodlee.customizationtool.EditSubBrand"/>
  <testcase name="testCreateAndEditSubBrandAndViewSubBrandOverview" time="2.710" classname="com.yodlee.customizationtool.EditSubBrand"/>
  <testcase name="testCreateAndEditSubBrandAndViewSubBrandOverview" time="2.497" classname="com.yodlee.customizationtool.EditSubBrand"/>
  <testcase name="testCreateAndEditSubBrandAndViewSubBrandOverview" time="1014.927" classname="com.yodlee.customizationtool.EditSubBrand">
    <failure type="java.lang.AssertionError" message="The following asserts failed:
	Edit Sub-Brand: Contact Details Page: Contact One User Id Text Box Is Enabled In Contact Details Page. expected [true] but found [false],
	Edit Sub-Brand: Review Page: The Actual And Expected Aggregation Sub Products Do Not Match. Actual is: enabled Expected Is: Document Download enabled expected [Document Download enabled] but found [enabled],
	Edit Sub-Brand: Review Page: The Actual And Expected Selected Contact 1 Details Do Not Match. Actual is: First Name : RaviRanjan;Last Name : Shrivastav;Contact Number : 9735173173;Email Address : rshrivastav@yodlee.com;User ID : Lumin14062021143002rshrivastav Expected Is: First Name : RaviRanjan;Last Name : Shrivastav;Contact Number : 9735173173;Email Address : rshrivastav@yodlee.com;User ID : Lumin14062021143002rshrivastavEdit expected [First Name : RaviRanjan;Last Name : Shrivastav;Contact Number : 9735173173;Email Address : rshrivastav@yodlee.com;User ID : Lumin14062021143002rshrivastavEdit] but found [First Name : RaviRanjan;Last Name : Shrivastav;Contact Number : 9735173173;Email Address : rshrivastav@yodlee.com;User ID : Lumin14062021143002rshrivastav]">
      <![CDATA[java.lang.AssertionError: The following asserts failed:
	Edit Sub-Brand: Contact Details Page: Contact One User Id Text Box Is Enabled In Contact Details Page. expected [true] but found [false],
	Edit Sub-Brand: Review Page: The Actual And Expected Aggregation Sub Products Do Not Match. Actual is: enabled Expected Is: Document Download enabled expected [Document Download enabled] but found [enabled],
	Edit Sub-Brand: Review Page: The Actual And Expected Selected Contact 1 Details Do Not Match. Actual is: First Name : RaviRanjan;Last Name : Shrivastav;Contact Number : 9735173173;Email Address : rshrivastav@yodlee.com;User ID : Lumin14062021143002rshrivastav Expected Is: First Name : RaviRanjan;Last Name : Shrivastav;Contact Number : 9735173173;Email Address : rshrivastav@yodlee.com;User ID : Lumin14062021143002rshrivastavEdit expected [First Name : RaviRanjan;Last Name : Shrivastav;Contact Number : 9735173173;Email Address : rshrivastav@yodlee.com;User ID : Lumin14062021143002rshrivastavEdit] but found [First Name : RaviRanjan;Last Name : Shrivastav;Contact Number : 9735173173;Email Address : rshrivastav@yodlee.com;User ID : Lumin14062021143002rshrivastav]
	at org.testng.asserts.SoftAssert.assertAll(SoftAssert.java:43)
	at com.yodlee.customizationtool.EditSubBrand.testCreateAndEditSubBrandAndViewSubBrandOverview(EditSubBrand.java:2149)
	at sun.reflect.NativeMethodAccessorImpl.invoke0(Native Method)
	at sun.reflect.NativeMethodAccessorImpl.invoke(Unknown Source)
	at sun.reflect.DelegatingMethodAccessorImpl.invoke(Unknown Source)
	at java.lang.reflect.Method.invoke(Unknown Source)
	at org.testng.internal.MethodInvocationHelper.invokeMethod(MethodInvocationHelper.java:86)
	at org.testng.internal.Invoker.invokeMethod(Invoker.java:643)
	at org.testng.internal.Invoker.invokeTestMethod(Invoker.java:820)
	at org.testng.internal.Invoker.invokeTestMethods(Invoker.java:1128)
	at org.testng.internal.TestMethodWorker.invokeTestMethods(TestMethodWorker.java:129)
	at org.testng.internal.TestMethodWorker.run(TestMethodWorker.java:112)
	at org.testng.TestRunner.privateRun(TestRunner.java:782)
	at org.testng.TestRunner.run(TestRunner.java:632)
	at org.testng.SuiteRunner.runTest(SuiteRunner.java:366)
	at org.testng.SuiteRunner.runSequentially(SuiteRunner.java:361)
	at org.testng.SuiteRunner.privateRun(SuiteRunner.java:319)
	at org.testng.SuiteRunner.run(SuiteRunner.java:268)
	at org.testng.SuiteRunnerWorker.runSuite(SuiteRunnerWorker.java:52)
	at org.testng.SuiteRunnerWorker.run(SuiteRunnerWorker.java:86)
	at org.testng.TestNG.runSuitesSequentially(TestNG.java:1244)
	at org.testng.TestNG.runSuitesLocally(TestNG.java:1169)
	at org.testng.TestNG.run(TestNG.java:1064)
	at org.testng.remote.AbstractRemoteTestNG.run(AbstractRemoteTestNG.java:115)
	at org.testng.remote.RemoteTestNG.initAndRun(RemoteTestNG.java:251)
	at org.testng.remote.RemoteTestNG.main(RemoteTestNG.java:77)
]]>
    </failure>
  </testcase> <!-- testCreateAndEditSubBrandAndViewSubBrandOverview -->
  <testcase name="testCreateAndEditSubBrandAndViewSubBrandOverview" time="2.711" classname="com.yodlee.customizationtool.EditSubBrand"/>
</testsuite> <!-- com.yodlee.customizationtool.EditSubBrand -->
