<?xml version="1.0" encoding="UTF-8"?>
<!-- Generated by org.testng.reporters.JUnitReportReporter -->
<testsuite hostname="IN-L2504" name="com.yodlee.customizationtool.ViewListOfSubBrands" tests="5" failures="0" timestamp="14 Jun 2021 09:19:28 GMT" time="35.436" errors="0">
  <testcase name="testValidateSortingByColumnNames" time="31.842" classname="com.yodlee.customizationtool.ViewListOfSubBrands"/>
  <testcase name="testValidateSearchForExistingSubBrand" time="1.096" classname="com.yodlee.customizationtool.ViewListOfSubBrands"/>
  <testcase name="testValidateSearchForNonExistantSubBrand" time="1.301" classname="com.yodlee.customizationtool.ViewListOfSubBrands"/>
  <testcase name="testValidateViewListOfSubBrandPageContents" time="0.728" classname="com.yodlee.customizationtool.ViewListOfSubBrands"/>
  <testcase name="testValidateSearchFilterWorksOnlyWhenMinimum3CharacterAreEnteredInSearchFilter" time="0.469" classname="com.yodlee.customizationtool.ViewListOfSubBrands"/>
</testsuite> <!-- com.yodlee.customizationtool.ViewListOfSubBrands -->
