<?xml version="1.0" encoding="UTF-8"?>
<!-- Generated by org.testng.reporters.JUnitReportReporter -->
<testsuite name="com.yodlee.app.yodleeApi.Insights.Notifications.V2.TestGetInsightsForHighBillsAndSubscriptionsCost2" tests="11" time="2.907" ignored="0" failures="0" timestamp="30 Apr 2021 10:57:59 GMT" skipped="9" hostname="IN-L2504" errors="2">
  <testcase name="testGetNotificationsForHighBillsAndSubscriptionsCostInsight" time="0.002" classname="com.yodlee.app.yodleeApi.Insights.Notifications.V2.TestGetInsightsForHighBillsAndSubscriptionsCost2">
    <skipped/>
  </testcase> <!-- testGetNotificationsForHighBillsAndSubscriptionsCostInsight -->
  <testcase name="testGetNotificationsForHighBillsAndSubscriptionsCostInsight" time="2.856" classname="com.yodlee.app.yodleeApi.Insights.Notifications.V2.TestGetInsightsForHighBillsAndSubscriptionsCost2">
    <error type="java.lang.NullPointerException">
      <![CDATA[java.lang.NullPointerException
	at com.yodlee.insights.yodleeApi.utils.InsightsGenerics.getExpectedAttributesToBeValidatedV2(InsightsGenerics.java:1222)
	at com.yodlee.app.yodleeApi.Insights.Notifications.V2.TestGetInsightsForHighBillsAndSubscriptionsCost2.testGetNotificationsForHighBillsAndSubscriptionsCostInsight(TestGetInsightsForHighBillsAndSubscriptionsCost2.java:272)
	at sun.reflect.NativeMethodAccessorImpl.invoke0(Native Method)
	at sun.reflect.NativeMethodAccessorImpl.invoke(Unknown Source)
	at sun.reflect.DelegatingMethodAccessorImpl.invoke(Unknown Source)
	at java.lang.reflect.Method.invoke(Unknown Source)
	at org.testng.internal.MethodInvocationHelper.invokeMethod(MethodInvocationHelper.java:104)
	at org.testng.internal.Invoker.invokeMethod(Invoker.java:645)
	at org.testng.internal.Invoker.invokeTestMethod(Invoker.java:851)
	at org.testng.internal.Invoker.invokeTestMethods(Invoker.java:1177)
	at org.testng.internal.TestMethodWorker.invokeTestMethods(TestMethodWorker.java:129)
	at org.testng.internal.TestMethodWorker.run(TestMethodWorker.java:112)
	at java.util.concurrent.ThreadPoolExecutor.runWorker(Unknown Source)
	at java.util.concurrent.ThreadPoolExecutor$Worker.run(Unknown Source)
	at java.lang.Thread.run(Unknown Source)
]]>
    </error>
  </testcase> <!-- testGetNotificationsForHighBillsAndSubscriptionsCostInsight -->
  <testcase name="testGetNotificationsForHighBillsAndSubscriptionsCostInsight" time="0.003" classname="com.yodlee.app.yodleeApi.Insights.Notifications.V2.TestGetInsightsForHighBillsAndSubscriptionsCost2">
    <skipped/>
  </testcase> <!-- testGetNotificationsForHighBillsAndSubscriptionsCostInsight -->
  <testcase name="testGetNotificationsForHighBillsAndSubscriptionsCostInsight" time="0.002" classname="com.yodlee.app.yodleeApi.Insights.Notifications.V2.TestGetInsightsForHighBillsAndSubscriptionsCost2">
    <skipped/>
  </testcase> <!-- testGetNotificationsForHighBillsAndSubscriptionsCostInsight -->
  <testcase name="testGetNotificationsForHighBillsAndSubscriptionsCostInsight" time="0.004" classname="com.yodlee.app.yodleeApi.Insights.Notifications.V2.TestGetInsightsForHighBillsAndSubscriptionsCost2">
    <skipped/>
  </testcase> <!-- testGetNotificationsForHighBillsAndSubscriptionsCostInsight -->
  <testcase name="testGetNotificationsForHighBillsAndSubscriptionsCostInsight" time="0.004" classname="com.yodlee.app.yodleeApi.Insights.Notifications.V2.TestGetInsightsForHighBillsAndSubscriptionsCost2">
    <skipped/>
  </testcase> <!-- testGetNotificationsForHighBillsAndSubscriptionsCostInsight -->
  <testcase name="testGetNotificationsForHighBillsAndSubscriptionsCostInsight" time="0.003" classname="com.yodlee.app.yodleeApi.Insights.Notifications.V2.TestGetInsightsForHighBillsAndSubscriptionsCost2">
    <skipped/>
  </testcase> <!-- testGetNotificationsForHighBillsAndSubscriptionsCostInsight -->
  <testcase name="unRegisteredUser" time="0.000" classname="com.yodlee.app.yodleeApi.Insights.Notifications.V2.TestGetInsightsForHighBillsAndSubscriptionsCost2">
    <error type="java.lang.NullPointerException">
      <![CDATA[java.lang.NullPointerException
	at com.yodlee.commonUtils.RestUtil.getApiResponse(RestUtil.java:328)
	at com.yodlee.yodleeApi.authentication.UserAuthImpl.unRegister(UserAuthImpl.java:72)
	at com.yodlee.yodleeApi.utils.apiUtils.UserUtils.unRegisterUser(UserUtils.java:129)
	at com.yodlee.app.yodleeApi.Insights.Notifications.V2.TestGetInsightsForHighBillsAndSubscriptionsCost2.unRegisteredUser(TestGetInsightsForHighBillsAndSubscriptionsCost2.java:395)
	at sun.reflect.NativeMethodAccessorImpl.invoke0(Native Method)
	at sun.reflect.NativeMethodAccessorImpl.invoke(Unknown Source)
	at sun.reflect.DelegatingMethodAccessorImpl.invoke(Unknown Source)
	at java.lang.reflect.Method.invoke(Unknown Source)
	at org.testng.internal.MethodInvocationHelper.invokeMethod(MethodInvocationHelper.java:104)
	at org.testng.internal.Invoker.invokeConfigurationMethod(Invoker.java:515)
	at org.testng.internal.Invoker.invokeConfigurations(Invoker.java:217)
	at org.testng.internal.Invoker.invokeConfigurations(Invoker.java:144)
	at org.testng.internal.TestMethodWorker.invokeAfterClassMethods(TestMethodWorker.java:217)
	at org.testng.internal.TestMethodWorker.run(TestMethodWorker.java:115)
	at java.util.concurrent.ThreadPoolExecutor.runWorker(Unknown Source)
	at java.util.concurrent.ThreadPoolExecutor$Worker.run(Unknown Source)
	at java.lang.Thread.run(Unknown Source)
]]>
    </error>
  </testcase> <!-- unRegisteredUser -->
  <testcase name="testGetNotificationsForHighBillsAndSubscriptionsCostInsight" time="0.004" classname="com.yodlee.app.yodleeApi.Insights.Notifications.V2.TestGetInsightsForHighBillsAndSubscriptionsCost2">
    <skipped/>
  </testcase> <!-- testGetNotificationsForHighBillsAndSubscriptionsCostInsight -->
  <testcase name="testGetNotificationsForHighBillsAndSubscriptionsCostInsight" time="0.005" classname="com.yodlee.app.yodleeApi.Insights.Notifications.V2.TestGetInsightsForHighBillsAndSubscriptionsCost2">
    <skipped/>
  </testcase> <!-- testGetNotificationsForHighBillsAndSubscriptionsCostInsight -->
  <testcase name="testGetNotificationsForHighBillsAndSubscriptionsCostInsight" time="0.024" classname="com.yodlee.app.yodleeApi.Insights.Notifications.V2.TestGetInsightsForHighBillsAndSubscriptionsCost2">
    <skipped/>
  </testcase> <!-- testGetNotificationsForHighBillsAndSubscriptionsCostInsight -->
</testsuite> <!-- com.yodlee.app.yodleeApi.Insights.Notifications.V2.TestGetInsightsForHighBillsAndSubscriptionsCost2 -->
