<?xml version="1.0" encoding="UTF-8"?>
<!-- Generated by org.testng.reporters.JUnitReportReporter -->
<testsuite name="com.yodlee.app.yodleeApi.Insights.Notifications.V2.TestGetInsightsForInvestmentMaturityNotice" tests="12" time="832.383" ignored="0" failures="0" timestamp="18 May 2021 18:30:32 GMT" skipped="0" hostname="IN-L2504" errors="0">
  <testcase name="testGetNotificationsForInvestmentMaturityNotice" time="68.875" classname="com.yodlee.app.yodleeApi.Insights.Notifications.V2.TestGetInsightsForInvestmentMaturityNotice"/>
  <testcase name="testGetNotificationsForInvestmentMaturityNotice" time="68.788" classname="com.yodlee.app.yodleeApi.Insights.Notifications.V2.TestGetInsightsForInvestmentMaturityNotice"/>
  <testcase name="testGetNotificationsForInvestmentMaturityNotice" time="72.149" classname="com.yodlee.app.yodleeApi.Insights.Notifications.V2.TestGetInsightsForInvestmentMaturityNotice"/>
  <testcase name="testGetNotificationsForInvestmentMaturityNotice" time="69.046" classname="com.yodlee.app.yodleeApi.Insights.Notifications.V2.TestGetInsightsForInvestmentMaturityNotice"/>
  <testcase name="testGetNotificationsForInvestmentMaturityNotice" time="66.706" classname="com.yodlee.app.yodleeApi.Insights.Notifications.V2.TestGetInsightsForInvestmentMaturityNotice"/>
  <testcase name="testGetNotificationsForInvestmentMaturityNotice" time="69.426" classname="com.yodlee.app.yodleeApi.Insights.Notifications.V2.TestGetInsightsForInvestmentMaturityNotice"/>
  <testcase name="testGetNotificationsForInvestmentMaturityNotice" time="67.481" classname="com.yodlee.app.yodleeApi.Insights.Notifications.V2.TestGetInsightsForInvestmentMaturityNotice"/>
  <testcase name="testGetNotificationsForInvestmentMaturityNotice" time="67.837" classname="com.yodlee.app.yodleeApi.Insights.Notifications.V2.TestGetInsightsForInvestmentMaturityNotice"/>
  <testcase name="testGetNotificationsForInvestmentMaturityNotice" time="67.585" classname="com.yodlee.app.yodleeApi.Insights.Notifications.V2.TestGetInsightsForInvestmentMaturityNotice"/>
  <testcase name="testGetNotificationsForInvestmentMaturityNotice" time="67.788" classname="com.yodlee.app.yodleeApi.Insights.Notifications.V2.TestGetInsightsForInvestmentMaturityNotice"/>
  <testcase name="testGetNotificationsForInvestmentMaturityNotice" time="72.382" classname="com.yodlee.app.yodleeApi.Insights.Notifications.V2.TestGetInsightsForInvestmentMaturityNotice"/>
  <testcase name="testGetNotificationsForInvestmentMaturityNotice" time="74.320" classname="com.yodlee.app.yodleeApi.Insights.Notifications.V2.TestGetInsightsForInvestmentMaturityNotice"/>
</testsuite> <!-- com.yodlee.app.yodleeApi.Insights.Notifications.V2.TestGetInsightsForInvestmentMaturityNotice -->
