<?xml version="1.0" encoding="UTF-8"?>
<!-- Generated by org.testng.reporters.JUnitReportReporter -->
<testsuite name="com.yodlee.app.yodleeApi.Insights.Notifications.V2.TestGetInsightsForSavingsIncreasedComparedToYourAverage" tests="10" time="809.473" ignored="0" failures="7" timestamp="14 Jun 2021 20:37:45 GMT" skipped="0" hostname="IN-L2504" errors="0">
  <testcase name="testGetNotificationsForSavingsIncreasedComparedToYourAverageInsight" time="1.902" classname="com.yodlee.app.yodleeApi.Insights.Notifications.V2.TestGetInsightsForSavingsIncreasedComparedToYourAverage">
    <failure type="java.lang.AssertionError" message="User subscription Patch FAILED">
      <![CDATA[java.lang.AssertionError: User subscription Patch FAILED
	at org.testng.Assert.fail(Assert.java:94)
	at com.yodlee.app.yodleeApi.Insights.Notifications.V2.TestGetInsightsForSavingsIncreasedComparedToYourAverage.testGetNotificationsForSavingsIncreasedComparedToYourAverageInsight(TestGetInsightsForSavingsIncreasedComparedToYourAverage.java:319)
	at sun.reflect.NativeMethodAccessorImpl.invoke0(Native Method)
	at sun.reflect.NativeMethodAccessorImpl.invoke(Unknown Source)
	at sun.reflect.DelegatingMethodAccessorImpl.invoke(Unknown Source)
	at java.lang.reflect.Method.invoke(Unknown Source)
	at org.testng.internal.MethodInvocationHelper.invokeMethod(MethodInvocationHelper.java:104)
	at org.testng.internal.Invoker.invokeMethod(Invoker.java:645)
	at org.testng.internal.Invoker.invokeTestMethod(Invoker.java:851)
	at org.testng.internal.Invoker.invokeTestMethods(Invoker.java:1177)
	at org.testng.internal.TestMethodWorker.invokeTestMethods(TestMethodWorker.java:129)
	at org.testng.internal.TestMethodWorker.run(TestMethodWorker.java:112)
	at java.util.concurrent.ThreadPoolExecutor.runWorker(Unknown Source)
	at java.util.concurrent.ThreadPoolExecutor$Worker.run(Unknown Source)
	at java.lang.Thread.run(Unknown Source)
]]>
    </failure>
  </testcase> <!-- testGetNotificationsForSavingsIncreasedComparedToYourAverageInsight -->
  <testcase name="testGetNotificationsForSavingsIncreasedComparedToYourAverageInsight" time="66.176" classname="com.yodlee.app.yodleeApi.Insights.Notifications.V2.TestGetInsightsForSavingsIncreasedComparedToYourAverage">
    <failure type="java.lang.AssertionError" message="TEST FAILED">
      <![CDATA[java.lang.AssertionError: TEST FAILED
	at org.testng.Assert.fail(Assert.java:94)
	at com.yodlee.app.yodleeApi.Insights.Notifications.V2.TestGetInsightsForSavingsIncreasedComparedToYourAverage.testGetNotificationsForSavingsIncreasedComparedToYourAverageInsight(TestGetInsightsForSavingsIncreasedComparedToYourAverage.java:299)
	at sun.reflect.NativeMethodAccessorImpl.invoke0(Native Method)
	at sun.reflect.NativeMethodAccessorImpl.invoke(Unknown Source)
	at sun.reflect.DelegatingMethodAccessorImpl.invoke(Unknown Source)
	at java.lang.reflect.Method.invoke(Unknown Source)
	at org.testng.internal.MethodInvocationHelper.invokeMethod(MethodInvocationHelper.java:104)
	at org.testng.internal.Invoker.invokeMethod(Invoker.java:645)
	at org.testng.internal.Invoker.invokeTestMethod(Invoker.java:851)
	at org.testng.internal.Invoker.invokeTestMethods(Invoker.java:1177)
	at org.testng.internal.TestMethodWorker.invokeTestMethods(TestMethodWorker.java:129)
	at org.testng.internal.TestMethodWorker.run(TestMethodWorker.java:112)
	at java.util.concurrent.ThreadPoolExecutor.runWorker(Unknown Source)
	at java.util.concurrent.ThreadPoolExecutor$Worker.run(Unknown Source)
	at java.lang.Thread.run(Unknown Source)
]]>
    </failure>
  </testcase> <!-- testGetNotificationsForSavingsIncreasedComparedToYourAverageInsight -->
  <testcase name="testGetNotificationsForSavingsIncreasedComparedToYourAverageInsight" time="69.894" classname="com.yodlee.app.yodleeApi.Insights.Notifications.V2.TestGetInsightsForSavingsIncreasedComparedToYourAverage">
    <failure type="java.lang.AssertionError" message="TEST FAILED">
      <![CDATA[java.lang.AssertionError: TEST FAILED
	at org.testng.Assert.fail(Assert.java:94)
	at com.yodlee.app.yodleeApi.Insights.Notifications.V2.TestGetInsightsForSavingsIncreasedComparedToYourAverage.testGetNotificationsForSavingsIncreasedComparedToYourAverageInsight(TestGetInsightsForSavingsIncreasedComparedToYourAverage.java:299)
	at sun.reflect.NativeMethodAccessorImpl.invoke0(Native Method)
	at sun.reflect.NativeMethodAccessorImpl.invoke(Unknown Source)
	at sun.reflect.DelegatingMethodAccessorImpl.invoke(Unknown Source)
	at java.lang.reflect.Method.invoke(Unknown Source)
	at org.testng.internal.MethodInvocationHelper.invokeMethod(MethodInvocationHelper.java:104)
	at org.testng.internal.Invoker.invokeMethod(Invoker.java:645)
	at org.testng.internal.Invoker.invokeTestMethod(Invoker.java:851)
	at org.testng.internal.Invoker.invokeTestMethods(Invoker.java:1177)
	at org.testng.internal.TestMethodWorker.invokeTestMethods(TestMethodWorker.java:129)
	at org.testng.internal.TestMethodWorker.run(TestMethodWorker.java:112)
	at java.util.concurrent.ThreadPoolExecutor.runWorker(Unknown Source)
	at java.util.concurrent.ThreadPoolExecutor$Worker.run(Unknown Source)
	at java.lang.Thread.run(Unknown Source)
]]>
    </failure>
  </testcase> <!-- testGetNotificationsForSavingsIncreasedComparedToYourAverageInsight -->
  <testcase name="testGetNotificationsForSavingsIncreasedComparedToYourAverageInsight" time="67.251" classname="com.yodlee.app.yodleeApi.Insights.Notifications.V2.TestGetInsightsForSavingsIncreasedComparedToYourAverage">
    <failure type="java.lang.AssertionError" message="TEST FAILED">
      <![CDATA[java.lang.AssertionError: TEST FAILED
	at org.testng.Assert.fail(Assert.java:94)
	at com.yodlee.app.yodleeApi.Insights.Notifications.V2.TestGetInsightsForSavingsIncreasedComparedToYourAverage.testGetNotificationsForSavingsIncreasedComparedToYourAverageInsight(TestGetInsightsForSavingsIncreasedComparedToYourAverage.java:299)
	at sun.reflect.NativeMethodAccessorImpl.invoke0(Native Method)
	at sun.reflect.NativeMethodAccessorImpl.invoke(Unknown Source)
	at sun.reflect.DelegatingMethodAccessorImpl.invoke(Unknown Source)
	at java.lang.reflect.Method.invoke(Unknown Source)
	at org.testng.internal.MethodInvocationHelper.invokeMethod(MethodInvocationHelper.java:104)
	at org.testng.internal.Invoker.invokeMethod(Invoker.java:645)
	at org.testng.internal.Invoker.invokeTestMethod(Invoker.java:851)
	at org.testng.internal.Invoker.invokeTestMethods(Invoker.java:1177)
	at org.testng.internal.TestMethodWorker.invokeTestMethods(TestMethodWorker.java:129)
	at org.testng.internal.TestMethodWorker.run(TestMethodWorker.java:112)
	at java.util.concurrent.ThreadPoolExecutor.runWorker(Unknown Source)
	at java.util.concurrent.ThreadPoolExecutor$Worker.run(Unknown Source)
	at java.lang.Thread.run(Unknown Source)
]]>
    </failure>
  </testcase> <!-- testGetNotificationsForSavingsIncreasedComparedToYourAverageInsight -->
  <testcase name="testGetNotificationsForSavingsIncreasedComparedToYourAverageInsight" time="2.081" classname="com.yodlee.app.yodleeApi.Insights.Notifications.V2.TestGetInsightsForSavingsIncreasedComparedToYourAverage">
    <failure type="java.lang.AssertionError" message="User subscription Patch FAILED">
      <![CDATA[java.lang.AssertionError: User subscription Patch FAILED
	at org.testng.Assert.fail(Assert.java:94)
	at com.yodlee.app.yodleeApi.Insights.Notifications.V2.TestGetInsightsForSavingsIncreasedComparedToYourAverage.testGetNotificationsForSavingsIncreasedComparedToYourAverageInsight(TestGetInsightsForSavingsIncreasedComparedToYourAverage.java:319)
	at sun.reflect.NativeMethodAccessorImpl.invoke0(Native Method)
	at sun.reflect.NativeMethodAccessorImpl.invoke(Unknown Source)
	at sun.reflect.DelegatingMethodAccessorImpl.invoke(Unknown Source)
	at java.lang.reflect.Method.invoke(Unknown Source)
	at org.testng.internal.MethodInvocationHelper.invokeMethod(MethodInvocationHelper.java:104)
	at org.testng.internal.Invoker.invokeMethod(Invoker.java:645)
	at org.testng.internal.Invoker.invokeTestMethod(Invoker.java:851)
	at org.testng.internal.Invoker.invokeTestMethods(Invoker.java:1177)
	at org.testng.internal.TestMethodWorker.invokeTestMethods(TestMethodWorker.java:129)
	at org.testng.internal.TestMethodWorker.run(TestMethodWorker.java:112)
	at java.util.concurrent.ThreadPoolExecutor.runWorker(Unknown Source)
	at java.util.concurrent.ThreadPoolExecutor$Worker.run(Unknown Source)
	at java.lang.Thread.run(Unknown Source)
]]>
    </failure>
  </testcase> <!-- testGetNotificationsForSavingsIncreasedComparedToYourAverageInsight -->
  <testcase name="testGetNotificationsForSavingsIncreasedComparedToYourAverageInsight" time="1.546" classname="com.yodlee.app.yodleeApi.Insights.Notifications.V2.TestGetInsightsForSavingsIncreasedComparedToYourAverage">
    <failure type="java.lang.AssertionError" message="User subscription Patch FAILED">
      <![CDATA[java.lang.AssertionError: User subscription Patch FAILED
	at org.testng.Assert.fail(Assert.java:94)
	at com.yodlee.app.yodleeApi.Insights.Notifications.V2.TestGetInsightsForSavingsIncreasedComparedToYourAverage.testGetNotificationsForSavingsIncreasedComparedToYourAverageInsight(TestGetInsightsForSavingsIncreasedComparedToYourAverage.java:319)
	at sun.reflect.NativeMethodAccessorImpl.invoke0(Native Method)
	at sun.reflect.NativeMethodAccessorImpl.invoke(Unknown Source)
	at sun.reflect.DelegatingMethodAccessorImpl.invoke(Unknown Source)
	at java.lang.reflect.Method.invoke(Unknown Source)
	at org.testng.internal.MethodInvocationHelper.invokeMethod(MethodInvocationHelper.java:104)
	at org.testng.internal.Invoker.invokeMethod(Invoker.java:645)
	at org.testng.internal.Invoker.invokeTestMethod(Invoker.java:851)
	at org.testng.internal.Invoker.invokeTestMethods(Invoker.java:1177)
	at org.testng.internal.TestMethodWorker.invokeTestMethods(TestMethodWorker.java:129)
	at org.testng.internal.TestMethodWorker.run(TestMethodWorker.java:112)
	at java.util.concurrent.ThreadPoolExecutor.runWorker(Unknown Source)
	at java.util.concurrent.ThreadPoolExecutor$Worker.run(Unknown Source)
	at java.lang.Thread.run(Unknown Source)
]]>
    </failure>
  </testcase> <!-- testGetNotificationsForSavingsIncreasedComparedToYourAverageInsight -->
  <testcase name="testGetNotificationsForSavingsIncreasedComparedToYourAverageInsight" time="98.349" classname="com.yodlee.app.yodleeApi.Insights.Notifications.V2.TestGetInsightsForSavingsIncreasedComparedToYourAverage"/>
  <testcase name="testGetNotificationsForSavingsIncreasedComparedToYourAverageInsight" time="3.575" classname="com.yodlee.app.yodleeApi.Insights.Notifications.V2.TestGetInsightsForSavingsIncreasedComparedToYourAverage">
    <failure type="java.lang.AssertionError" message="User subscription Patch FAILED">
      <![CDATA[java.lang.AssertionError: User subscription Patch FAILED
	at org.testng.Assert.fail(Assert.java:94)
	at com.yodlee.app.yodleeApi.Insights.Notifications.V2.TestGetInsightsForSavingsIncreasedComparedToYourAverage.testGetNotificationsForSavingsIncreasedComparedToYourAverageInsight(TestGetInsightsForSavingsIncreasedComparedToYourAverage.java:319)
	at sun.reflect.NativeMethodAccessorImpl.invoke0(Native Method)
	at sun.reflect.NativeMethodAccessorImpl.invoke(Unknown Source)
	at sun.reflect.DelegatingMethodAccessorImpl.invoke(Unknown Source)
	at java.lang.reflect.Method.invoke(Unknown Source)
	at org.testng.internal.MethodInvocationHelper.invokeMethod(MethodInvocationHelper.java:104)
	at org.testng.internal.Invoker.invokeMethod(Invoker.java:645)
	at org.testng.internal.Invoker.invokeTestMethod(Invoker.java:851)
	at org.testng.internal.Invoker.invokeTestMethods(Invoker.java:1177)
	at org.testng.internal.TestMethodWorker.invokeTestMethods(TestMethodWorker.java:129)
	at org.testng.internal.TestMethodWorker.run(TestMethodWorker.java:112)
	at java.util.concurrent.ThreadPoolExecutor.runWorker(Unknown Source)
	at java.util.concurrent.ThreadPoolExecutor$Worker.run(Unknown Source)
	at java.lang.Thread.run(Unknown Source)
]]>
    </failure>
  </testcase> <!-- testGetNotificationsForSavingsIncreasedComparedToYourAverageInsight -->
  <testcase name="testGetNotificationsForSavingsIncreasedComparedToYourAverageInsight" time="97.574" classname="com.yodlee.app.yodleeApi.Insights.Notifications.V2.TestGetInsightsForSavingsIncreasedComparedToYourAverage"/>
  <testcase name="testGetNotificationsForSavingsIncreasedComparedToYourAverageInsight" time="401.125" classname="com.yodlee.app.yodleeApi.Insights.Notifications.V2.TestGetInsightsForSavingsIncreasedComparedToYourAverage"/>
</testsuite> <!-- com.yodlee.app.yodleeApi.Insights.Notifications.V2.TestGetInsightsForSavingsIncreasedComparedToYourAverage -->
