<?xml version="1.0" encoding="UTF-8"?>
<!-- Generated by org.testng.reporters.JUnitReportReporter -->
<testsuite name="com.yodlee.app.yodleeApi.Insights.V2.TestPatchCustomerSubscriptions" tests="22" time="206.779" ignored="0" failures="0" timestamp="09 Apr 2021 11:37:36 GMT" skipped="0" hostname="IN-L2504" errors="1">
  <testcase name="testPatchCustomerSubscriptionLargeDepositNotice" time="200.904" classname="com.yodlee.app.yodleeApi.Insights.V2.TestPatchCustomerSubscriptions"/>
  <testcase name="testPatchCustomerSubscriptionLargeDepositNotice" time="0.186" classname="com.yodlee.app.yodleeApi.Insights.V2.TestPatchCustomerSubscriptions">
    <error type="java.lang.IllegalStateException" message="Not a JSON Object: null">
      <![CDATA[java.lang.IllegalStateException: Not a JSON Object: null
	at com.google.gson.JsonElement.getAsJsonObject(JsonElement.java:91)
	at com.yodlee.insights.yodleeApi.utils.v2.InsightsSubscriptionsVerification.verifyPatchSubscriptionRequestResponse(InsightsSubscriptionsVerification.java:390)
	at com.yodlee.app.yodleeApi.Insights.V2.TestPatchCustomerSubscriptions.processPatchSubscription(TestPatchCustomerSubscriptions.java:160)
	at com.yodlee.app.yodleeApi.Insights.V2.TestPatchCustomerSubscriptions.testPatchCustomerSubscriptionLargeDepositNotice(TestPatchCustomerSubscriptions.java:149)
	at sun.reflect.NativeMethodAccessorImpl.invoke0(Native Method)
	at sun.reflect.NativeMethodAccessorImpl.invoke(Unknown Source)
	at sun.reflect.DelegatingMethodAccessorImpl.invoke(Unknown Source)
	at java.lang.reflect.Method.invoke(Unknown Source)
	at org.testng.internal.MethodInvocationHelper.invokeMethod(MethodInvocationHelper.java:104)
	at org.testng.internal.Invoker.invokeMethod(Invoker.java:645)
	at org.testng.internal.Invoker.invokeTestMethod(Invoker.java:851)
	at org.testng.internal.Invoker.invokeTestMethods(Invoker.java:1177)
	at org.testng.internal.TestMethodWorker.invokeTestMethods(TestMethodWorker.java:129)
	at org.testng.internal.TestMethodWorker.run(TestMethodWorker.java:112)
	at java.util.concurrent.ThreadPoolExecutor.runWorker(Unknown Source)
	at java.util.concurrent.ThreadPoolExecutor$Worker.run(Unknown Source)
	at java.lang.Thread.run(Unknown Source)
]]>
    </error>
  </testcase> <!-- testPatchCustomerSubscriptionLargeDepositNotice -->
  <testcase name="testPatchCustomerSubscriptionLargeDepositNotice" time="0.217" classname="com.yodlee.app.yodleeApi.Insights.V2.TestPatchCustomerSubscriptions"/>
  <testcase name="testPatchCustomerSubscriptionLargeDepositNotice" time="0.159" classname="com.yodlee.app.yodleeApi.Insights.V2.TestPatchCustomerSubscriptions"/>
  <testcase name="testPatchCustomerSubscriptionLargeDepositNotice" time="0.764" classname="com.yodlee.app.yodleeApi.Insights.V2.TestPatchCustomerSubscriptions"/>
  <testcase name="testPatchCustomerSubscriptionLargeDepositNotice" time="0.206" classname="com.yodlee.app.yodleeApi.Insights.V2.TestPatchCustomerSubscriptions"/>
  <testcase name="testPatchCustomerSubscriptionLargeDepositNotice" time="0.440" classname="com.yodlee.app.yodleeApi.Insights.V2.TestPatchCustomerSubscriptions"/>
  <testcase name="testPatchCustomerSubscriptionLargeDepositNotice" time="0.249" classname="com.yodlee.app.yodleeApi.Insights.V2.TestPatchCustomerSubscriptions"/>
  <testcase name="testPatchCustomerSubscriptionLargeDepositNotice" time="0.185" classname="com.yodlee.app.yodleeApi.Insights.V2.TestPatchCustomerSubscriptions"/>
  <testcase name="testPatchCustomerSubscriptionLargeDepositNotice" time="0.453" classname="com.yodlee.app.yodleeApi.Insights.V2.TestPatchCustomerSubscriptions"/>
  <testcase name="testPatchCustomerSubscriptionLargeDepositNotice" time="0.187" classname="com.yodlee.app.yodleeApi.Insights.V2.TestPatchCustomerSubscriptions"/>
  <testcase name="testPatchCustomerSubscriptionLargeDepositNotice" time="0.225" classname="com.yodlee.app.yodleeApi.Insights.V2.TestPatchCustomerSubscriptions"/>
  <testcase name="testPatchCustomerSubscriptionLargeDepositNotice" time="0.187" classname="com.yodlee.app.yodleeApi.Insights.V2.TestPatchCustomerSubscriptions"/>
  <testcase name="testPatchCustomerSubscriptionLargeDepositNotice" time="0.246" classname="com.yodlee.app.yodleeApi.Insights.V2.TestPatchCustomerSubscriptions"/>
  <testcase name="testPatchCustomerSubscriptionLargeDepositNotice" time="0.291" classname="com.yodlee.app.yodleeApi.Insights.V2.TestPatchCustomerSubscriptions"/>
  <testcase name="testPatchCustomerSubscriptionLargeDepositNotice" time="0.195" classname="com.yodlee.app.yodleeApi.Insights.V2.TestPatchCustomerSubscriptions"/>
  <testcase name="testPatchCustomerSubscriptionLargeDepositNotice" time="0.252" classname="com.yodlee.app.yodleeApi.Insights.V2.TestPatchCustomerSubscriptions"/>
  <testcase name="testPatchCustomerSubscriptionLargeDepositNotice" time="0.170" classname="com.yodlee.app.yodleeApi.Insights.V2.TestPatchCustomerSubscriptions"/>
  <testcase name="testPatchCustomerSubscriptionLargeDepositNotice" time="0.547" classname="com.yodlee.app.yodleeApi.Insights.V2.TestPatchCustomerSubscriptions"/>
  <testcase name="testPatchCustomerSubscriptionLargeDepositNotice" time="0.275" classname="com.yodlee.app.yodleeApi.Insights.V2.TestPatchCustomerSubscriptions"/>
  <testcase name="testPatchCustomerSubscriptionLargeDepositNotice" time="0.173" classname="com.yodlee.app.yodleeApi.Insights.V2.TestPatchCustomerSubscriptions"/>
  <testcase name="testPatchCustomerSubscriptionLargeDepositNotice" time="0.268" classname="com.yodlee.app.yodleeApi.Insights.V2.TestPatchCustomerSubscriptions"/>
</testsuite> <!-- com.yodlee.app.yodleeApi.Insights.V2.TestPatchCustomerSubscriptions -->
