<?xml version="1.0" encoding="UTF-8"?>
<!-- Generated by org.testng.reporters.JUnitReportReporter -->
<testsuite name="com.yodlee.app.yodleeApi.Insights.Notifications.V2.TestGetInsightsForZeroCardInterestPaid" tests="10" time="601.436" ignored="0" failures="0" timestamp="18 May 2021 18:30:32 GMT" skipped="0" hostname="IN-L2504" errors="0">
  <testcase name="testGetNotificationsForZeroCardInterestPaid" time="67.145" classname="com.yodlee.app.yodleeApi.Insights.Notifications.V2.TestGetInsightsForZeroCardInterestPaid"/>
  <testcase name="testGetNotificationsForZeroCardInterestPaid" time="51.967" classname="com.yodlee.app.yodleeApi.Insights.Notifications.V2.TestGetInsightsForZeroCardInterestPaid"/>
  <testcase name="testGetNotificationsForZeroCardInterestPaid" time="52.332" classname="com.yodlee.app.yodleeApi.Insights.Notifications.V2.TestGetInsightsForZeroCardInterestPaid"/>
  <testcase name="testGetNotificationsForZeroCardInterestPaid" time="68.190" classname="com.yodlee.app.yodleeApi.Insights.Notifications.V2.TestGetInsightsForZeroCardInterestPaid"/>
  <testcase name="testGetNotificationsForZeroCardInterestPaid" time="51.288" classname="com.yodlee.app.yodleeApi.Insights.Notifications.V2.TestGetInsightsForZeroCardInterestPaid"/>
  <testcase name="testGetNotificationsForZeroCardInterestPaid" time="83.517" classname="com.yodlee.app.yodleeApi.Insights.Notifications.V2.TestGetInsightsForZeroCardInterestPaid"/>
  <testcase name="testGetNotificationsForZeroCardInterestPaid" time="68.459" classname="com.yodlee.app.yodleeApi.Insights.Notifications.V2.TestGetInsightsForZeroCardInterestPaid"/>
  <testcase name="testGetNotificationsForZeroCardInterestPaid" time="54.183" classname="com.yodlee.app.yodleeApi.Insights.Notifications.V2.TestGetInsightsForZeroCardInterestPaid"/>
  <testcase name="testGetNotificationsForZeroCardInterestPaid" time="52.445" classname="com.yodlee.app.yodleeApi.Insights.Notifications.V2.TestGetInsightsForZeroCardInterestPaid"/>
  <testcase name="testGetNotificationsForZeroCardInterestPaid" time="51.910" classname="com.yodlee.app.yodleeApi.Insights.Notifications.V2.TestGetInsightsForZeroCardInterestPaid"/>
</testsuite> <!-- com.yodlee.app.yodleeApi.Insights.Notifications.V2.TestGetInsightsForZeroCardInterestPaid -->
