<?xml version="1.0" encoding="UTF-8"?>
<!-- Generated by org.testng.reporters.JUnitReportReporter -->
<testsuite name="com.yodlee.app.yodleeApi.Insights.Notifications.V2.TestGetInsightsForSuggestedSavingOpportunity" tests="12" time="854.973" ignored="0" failures="1" timestamp="14 Jun 2021 20:37:45 GMT" skipped="0" hostname="IN-L2504" errors="0">
  <testcase name="testGetNotificationsForSuggestedSavingOpportunity" time="99.656" classname="com.yodlee.app.yodleeApi.Insights.Notifications.V2.TestGetInsightsForSuggestedSavingOpportunity"/>
  <testcase name="testGetNotificationsForSuggestedSavingOpportunity" time="97.950" classname="com.yodlee.app.yodleeApi.Insights.Notifications.V2.TestGetInsightsForSuggestedSavingOpportunity"/>
  <testcase name="testGetNotificationsForSuggestedSavingOpportunity" time="48.315" classname="com.yodlee.app.yodleeApi.Insights.Notifications.V2.TestGetInsightsForSuggestedSavingOpportunity"/>
  <testcase name="testGetNotificationsForSuggestedSavingOpportunity" time="60.301" classname="com.yodlee.app.yodleeApi.Insights.Notifications.V2.TestGetInsightsForSuggestedSavingOpportunity"/>
  <testcase name="testGetNotificationsForSuggestedSavingOpportunity" time="23.093" classname="com.yodlee.app.yodleeApi.Insights.Notifications.V2.TestGetInsightsForSuggestedSavingOpportunity"/>
  <testcase name="testGetNotificationsForSuggestedSavingOpportunity" time="150.141" classname="com.yodlee.app.yodleeApi.Insights.Notifications.V2.TestGetInsightsForSuggestedSavingOpportunity"/>
  <testcase name="testGetNotificationsForSuggestedSavingOpportunity" time="67.660" classname="com.yodlee.app.yodleeApi.Insights.Notifications.V2.TestGetInsightsForSuggestedSavingOpportunity"/>
  <testcase name="testGetNotificationsForSuggestedSavingOpportunity" time="67.132" classname="com.yodlee.app.yodleeApi.Insights.Notifications.V2.TestGetInsightsForSuggestedSavingOpportunity"/>
  <testcase name="testGetNotificationsForSuggestedSavingOpportunity" time="65.691" classname="com.yodlee.app.yodleeApi.Insights.Notifications.V2.TestGetInsightsForSuggestedSavingOpportunity">
    <failure type="java.lang.AssertionError" message="There is no SUGGESTED_SAVING_OPPORTUNITY insight generated in the given scheduled time">
      <![CDATA[java.lang.AssertionError: There is no SUGGESTED_SAVING_OPPORTUNITY insight generated in the given scheduled time
	at org.testng.Assert.fail(Assert.java:94)
	at com.yodlee.app.yodleeApi.Insights.Notifications.V2.TestGetInsightsForSuggestedSavingOpportunity.testGetNotificationsForSuggestedSavingOpportunity(TestGetInsightsForSuggestedSavingOpportunity.java:312)
	at sun.reflect.NativeMethodAccessorImpl.invoke0(Native Method)
	at sun.reflect.NativeMethodAccessorImpl.invoke(Unknown Source)
	at sun.reflect.DelegatingMethodAccessorImpl.invoke(Unknown Source)
	at java.lang.reflect.Method.invoke(Unknown Source)
	at org.testng.internal.MethodInvocationHelper.invokeMethod(MethodInvocationHelper.java:104)
	at org.testng.internal.Invoker.invokeMethod(Invoker.java:645)
	at org.testng.internal.Invoker.invokeTestMethod(Invoker.java:851)
	at org.testng.internal.Invoker.invokeTestMethods(Invoker.java:1177)
	at org.testng.internal.TestMethodWorker.invokeTestMethods(TestMethodWorker.java:129)
	at org.testng.internal.TestMethodWorker.run(TestMethodWorker.java:112)
	at java.util.concurrent.ThreadPoolExecutor.runWorker(Unknown Source)
	at java.util.concurrent.ThreadPoolExecutor$Worker.run(Unknown Source)
	at java.lang.Thread.run(Unknown Source)
]]>
    </failure>
  </testcase> <!-- testGetNotificationsForSuggestedSavingOpportunity -->
  <testcase name="testGetNotificationsForSuggestedSavingOpportunity" time="47.262" classname="com.yodlee.app.yodleeApi.Insights.Notifications.V2.TestGetInsightsForSuggestedSavingOpportunity"/>
  <testcase name="testGetNotificationsForSuggestedSavingOpportunity" time="59.826" classname="com.yodlee.app.yodleeApi.Insights.Notifications.V2.TestGetInsightsForSuggestedSavingOpportunity"/>
  <testcase name="testGetNotificationsForSuggestedSavingOpportunity" time="67.946" classname="com.yodlee.app.yodleeApi.Insights.Notifications.V2.TestGetInsightsForSuggestedSavingOpportunity"/>
</testsuite> <!-- com.yodlee.app.yodleeApi.Insights.Notifications.V2.TestGetInsightsForSuggestedSavingOpportunity -->
