<?xml version="1.0" encoding="UTF-8"?>
<!-- Generated by org.testng.reporters.JUnitReportReporter -->
<testsuite name="com.yodlee.app.yodleeApi.Insights.Notifications.V2.TestGetInsightsForHighBillsAndSubscriptionsCost" tests="10" time="781.384" ignored="0" failures="1" timestamp="29 Jun 2021 09:09:06 GMT" skipped="0" hostname="IN-L2504" errors="0">
  <testcase name="testGetNotificationsForHighBillsAndSubscriptionsCostInsight" time="66.942" classname="com.yodlee.app.yodleeApi.Insights.Notifications.V2.TestGetInsightsForHighBillsAndSubscriptionsCost"/>
  <testcase name="testGetNotificationsForHighBillsAndSubscriptionsCostInsight" time="97.698" classname="com.yodlee.app.yodleeApi.Insights.Notifications.V2.TestGetInsightsForHighBillsAndSubscriptionsCost"/>
  <testcase name="testGetNotificationsForHighBillsAndSubscriptionsCostInsight" time="98.049" classname="com.yodlee.app.yodleeApi.Insights.Notifications.V2.TestGetInsightsForHighBillsAndSubscriptionsCost"/>
  <testcase name="testGetNotificationsForHighBillsAndSubscriptionsCostInsight" time="64.639" classname="com.yodlee.app.yodleeApi.Insights.Notifications.V2.TestGetInsightsForHighBillsAndSubscriptionsCost">
    <failure type="java.lang.AssertionError" message="TEST FAILED">
      <![CDATA[java.lang.AssertionError: TEST FAILED
	at org.testng.Assert.fail(Assert.java:94)
	at com.yodlee.app.yodleeApi.Insights.Notifications.V2.TestGetInsightsForHighBillsAndSubscriptionsCost.testGetNotificationsForHighBillsAndSubscriptionsCostInsight(TestGetInsightsForHighBillsAndSubscriptionsCost.java:296)
	at sun.reflect.NativeMethodAccessorImpl.invoke0(Native Method)
	at sun.reflect.NativeMethodAccessorImpl.invoke(Unknown Source)
	at sun.reflect.DelegatingMethodAccessorImpl.invoke(Unknown Source)
	at java.lang.reflect.Method.invoke(Unknown Source)
	at org.testng.internal.MethodInvocationHelper.invokeMethod(MethodInvocationHelper.java:104)
	at org.testng.internal.Invoker.invokeMethod(Invoker.java:645)
	at org.testng.internal.Invoker.invokeTestMethod(Invoker.java:851)
	at org.testng.internal.Invoker.invokeTestMethods(Invoker.java:1177)
	at org.testng.internal.TestMethodWorker.invokeTestMethods(TestMethodWorker.java:129)
	at org.testng.internal.TestMethodWorker.run(TestMethodWorker.java:112)
	at java.util.concurrent.ThreadPoolExecutor.runWorker(Unknown Source)
	at java.util.concurrent.ThreadPoolExecutor$Worker.run(Unknown Source)
	at java.lang.Thread.run(Unknown Source)
]]>
    </failure>
  </testcase> <!-- testGetNotificationsForHighBillsAndSubscriptionsCostInsight -->
  <testcase name="testGetNotificationsForHighBillsAndSubscriptionsCostInsight" time="60.110" classname="com.yodlee.app.yodleeApi.Insights.Notifications.V2.TestGetInsightsForHighBillsAndSubscriptionsCost"/>
  <testcase name="testGetNotificationsForHighBillsAndSubscriptionsCostInsight" time="59.944" classname="com.yodlee.app.yodleeApi.Insights.Notifications.V2.TestGetInsightsForHighBillsAndSubscriptionsCost"/>
  <testcase name="testGetNotificationsForHighBillsAndSubscriptionsCostInsight" time="97.397" classname="com.yodlee.app.yodleeApi.Insights.Notifications.V2.TestGetInsightsForHighBillsAndSubscriptionsCost"/>
  <testcase name="testGetNotificationsForHighBillsAndSubscriptionsCostInsight" time="54.031" classname="com.yodlee.app.yodleeApi.Insights.Notifications.V2.TestGetInsightsForHighBillsAndSubscriptionsCost"/>
  <testcase name="testGetNotificationsForHighBillsAndSubscriptionsCostInsight" time="165.435" classname="com.yodlee.app.yodleeApi.Insights.Notifications.V2.TestGetInsightsForHighBillsAndSubscriptionsCost"/>
  <testcase name="testGetNotificationsForHighBillsAndSubscriptionsCostInsight" time="17.139" classname="com.yodlee.app.yodleeApi.Insights.Notifications.V2.TestGetInsightsForHighBillsAndSubscriptionsCost"/>
</testsuite> <!-- com.yodlee.app.yodleeApi.Insights.Notifications.V2.TestGetInsightsForHighBillsAndSubscriptionsCost -->
