<?xml version="1.0" encoding="UTF-8"?>
<!-- Generated by org.testng.reporters.JUnitReportReporter -->
<testsuite name="com.yodlee.app.yodleeApi.Insights.Notifications.V2.TestGetInsightsForDuplicateTransactions" tests="16" time="272.811" ignored="0" failures="9" timestamp="14 Jun 2021 20:37:45 GMT" skipped="0" hostname="IN-L2504" errors="3">
  <testcase name="testGetNotificationsForDuplicateTransaction" time="16.378" classname="com.yodlee.app.yodleeApi.Insights.Notifications.V2.TestGetInsightsForDuplicateTransactions">
    <error type="java.lang.NullPointerException">
      <![CDATA[java.lang.NullPointerException
	at com.yodlee.insights.yodleeApi.utils.InsightsGenerics.getExpectedAttributesToBeValidatedV2(InsightsGenerics.java:1326)
	at com.yodlee.app.yodleeApi.Insights.Notifications.V2.TestGetInsightsForDuplicateTransactions.testGetNotificationsForDuplicateTransaction(TestGetInsightsForDuplicateTransactions.java:257)
	at sun.reflect.NativeMethodAccessorImpl.invoke0(Native Method)
	at sun.reflect.NativeMethodAccessorImpl.invoke(Unknown Source)
	at sun.reflect.DelegatingMethodAccessorImpl.invoke(Unknown Source)
	at java.lang.reflect.Method.invoke(Unknown Source)
	at org.testng.internal.MethodInvocationHelper.invokeMethod(MethodInvocationHelper.java:104)
	at org.testng.internal.Invoker.invokeMethod(Invoker.java:645)
	at org.testng.internal.Invoker.invokeTestMethod(Invoker.java:851)
	at org.testng.internal.Invoker.invokeTestMethods(Invoker.java:1177)
	at org.testng.internal.TestMethodWorker.invokeTestMethods(TestMethodWorker.java:129)
	at org.testng.internal.TestMethodWorker.run(TestMethodWorker.java:112)
	at java.util.concurrent.ThreadPoolExecutor.runWorker(Unknown Source)
	at java.util.concurrent.ThreadPoolExecutor$Worker.run(Unknown Source)
	at java.lang.Thread.run(Unknown Source)
]]>
    </error>
  </testcase> <!-- testGetNotificationsForDuplicateTransaction -->
  <testcase name="testGetNotificationsForDuplicateTransaction" time="19.152" classname="com.yodlee.app.yodleeApi.Insights.Notifications.V2.TestGetInsightsForDuplicateTransactions">
    <failure type="junit.framework.AssertionFailedError" message="Expected  2 insights triggered But found Empty {}">
      <![CDATA[junit.framework.AssertionFailedError: Expected  2 insights triggered But found Empty {}
	at junit.framework.Assert.fail(Assert.java:57)
	at com.yodlee.app.yodleeApi.Insights.Notifications.V2.TestGetInsightsForDuplicateTransactions.testGetNotificationsForDuplicateTransaction(TestGetInsightsForDuplicateTransactions.java:307)
	at sun.reflect.NativeMethodAccessorImpl.invoke0(Native Method)
	at sun.reflect.NativeMethodAccessorImpl.invoke(Unknown Source)
	at sun.reflect.DelegatingMethodAccessorImpl.invoke(Unknown Source)
	at java.lang.reflect.Method.invoke(Unknown Source)
	at org.testng.internal.MethodInvocationHelper.invokeMethod(MethodInvocationHelper.java:104)
	at org.testng.internal.Invoker.invokeMethod(Invoker.java:645)
	at org.testng.internal.Invoker.invokeTestMethod(Invoker.java:851)
	at org.testng.internal.Invoker.invokeTestMethods(Invoker.java:1177)
	at org.testng.internal.TestMethodWorker.invokeTestMethods(TestMethodWorker.java:129)
	at org.testng.internal.TestMethodWorker.run(TestMethodWorker.java:112)
	at java.util.concurrent.ThreadPoolExecutor.runWorker(Unknown Source)
	at java.util.concurrent.ThreadPoolExecutor$Worker.run(Unknown Source)
	at java.lang.Thread.run(Unknown Source)
]]>
    </failure>
  </testcase> <!-- testGetNotificationsForDuplicateTransaction -->
  <testcase name="testGetNotificationsForDuplicateTransaction" time="16.913" classname="com.yodlee.app.yodleeApi.Insights.Notifications.V2.TestGetInsightsForDuplicateTransactions">
    <failure type="junit.framework.AssertionFailedError" message="Expected  2 insights triggered But found Empty {}">
      <![CDATA[junit.framework.AssertionFailedError: Expected  2 insights triggered But found Empty {}
	at junit.framework.Assert.fail(Assert.java:57)
	at com.yodlee.app.yodleeApi.Insights.Notifications.V2.TestGetInsightsForDuplicateTransactions.testGetNotificationsForDuplicateTransaction(TestGetInsightsForDuplicateTransactions.java:307)
	at sun.reflect.NativeMethodAccessorImpl.invoke0(Native Method)
	at sun.reflect.NativeMethodAccessorImpl.invoke(Unknown Source)
	at sun.reflect.DelegatingMethodAccessorImpl.invoke(Unknown Source)
	at java.lang.reflect.Method.invoke(Unknown Source)
	at org.testng.internal.MethodInvocationHelper.invokeMethod(MethodInvocationHelper.java:104)
	at org.testng.internal.Invoker.invokeMethod(Invoker.java:645)
	at org.testng.internal.Invoker.invokeTestMethod(Invoker.java:851)
	at org.testng.internal.Invoker.invokeTestMethods(Invoker.java:1177)
	at org.testng.internal.TestMethodWorker.invokeTestMethods(TestMethodWorker.java:129)
	at org.testng.internal.TestMethodWorker.run(TestMethodWorker.java:112)
	at java.util.concurrent.ThreadPoolExecutor.runWorker(Unknown Source)
	at java.util.concurrent.ThreadPoolExecutor$Worker.run(Unknown Source)
	at java.lang.Thread.run(Unknown Source)
]]>
    </failure>
  </testcase> <!-- testGetNotificationsForDuplicateTransaction -->
  <testcase name="testGetNotificationsForDuplicateTransaction" time="16.738" classname="com.yodlee.app.yodleeApi.Insights.Notifications.V2.TestGetInsightsForDuplicateTransactions">
    <failure type="junit.framework.AssertionFailedError" message="Expected  2 insights triggered But found Empty {}">
      <![CDATA[junit.framework.AssertionFailedError: Expected  2 insights triggered But found Empty {}
	at junit.framework.Assert.fail(Assert.java:57)
	at com.yodlee.app.yodleeApi.Insights.Notifications.V2.TestGetInsightsForDuplicateTransactions.testGetNotificationsForDuplicateTransaction(TestGetInsightsForDuplicateTransactions.java:307)
	at sun.reflect.NativeMethodAccessorImpl.invoke0(Native Method)
	at sun.reflect.NativeMethodAccessorImpl.invoke(Unknown Source)
	at sun.reflect.DelegatingMethodAccessorImpl.invoke(Unknown Source)
	at java.lang.reflect.Method.invoke(Unknown Source)
	at org.testng.internal.MethodInvocationHelper.invokeMethod(MethodInvocationHelper.java:104)
	at org.testng.internal.Invoker.invokeMethod(Invoker.java:645)
	at org.testng.internal.Invoker.invokeTestMethod(Invoker.java:851)
	at org.testng.internal.Invoker.invokeTestMethods(Invoker.java:1177)
	at org.testng.internal.TestMethodWorker.invokeTestMethods(TestMethodWorker.java:129)
	at org.testng.internal.TestMethodWorker.run(TestMethodWorker.java:112)
	at java.util.concurrent.ThreadPoolExecutor.runWorker(Unknown Source)
	at java.util.concurrent.ThreadPoolExecutor$Worker.run(Unknown Source)
	at java.lang.Thread.run(Unknown Source)
]]>
    </failure>
  </testcase> <!-- testGetNotificationsForDuplicateTransaction -->
  <testcase name="testGetNotificationsForDuplicateTransaction" time="15.998" classname="com.yodlee.app.yodleeApi.Insights.Notifications.V2.TestGetInsightsForDuplicateTransactions">
    <error type="java.lang.NullPointerException">
      <![CDATA[java.lang.NullPointerException
	at com.yodlee.insights.yodleeApi.utils.InsightsGenerics.getExpectedAttributesToBeValidatedV2(InsightsGenerics.java:1326)
	at com.yodlee.app.yodleeApi.Insights.Notifications.V2.TestGetInsightsForDuplicateTransactions.testGetNotificationsForDuplicateTransaction(TestGetInsightsForDuplicateTransactions.java:257)
	at sun.reflect.NativeMethodAccessorImpl.invoke0(Native Method)
	at sun.reflect.NativeMethodAccessorImpl.invoke(Unknown Source)
	at sun.reflect.DelegatingMethodAccessorImpl.invoke(Unknown Source)
	at java.lang.reflect.Method.invoke(Unknown Source)
	at org.testng.internal.MethodInvocationHelper.invokeMethod(MethodInvocationHelper.java:104)
	at org.testng.internal.Invoker.invokeMethod(Invoker.java:645)
	at org.testng.internal.Invoker.invokeTestMethod(Invoker.java:851)
	at org.testng.internal.Invoker.invokeTestMethods(Invoker.java:1177)
	at org.testng.internal.TestMethodWorker.invokeTestMethods(TestMethodWorker.java:129)
	at org.testng.internal.TestMethodWorker.run(TestMethodWorker.java:112)
	at java.util.concurrent.ThreadPoolExecutor.runWorker(Unknown Source)
	at java.util.concurrent.ThreadPoolExecutor$Worker.run(Unknown Source)
	at java.lang.Thread.run(Unknown Source)
]]>
    </error>
  </testcase> <!-- testGetNotificationsForDuplicateTransaction -->
  <testcase name="testGetNotificationsForDuplicateTransaction" time="16.157" classname="com.yodlee.app.yodleeApi.Insights.Notifications.V2.TestGetInsightsForDuplicateTransactions"/>
  <testcase name="testGetNotificationsForDuplicateTransaction" time="16.503" classname="com.yodlee.app.yodleeApi.Insights.Notifications.V2.TestGetInsightsForDuplicateTransactions">
    <failure type="junit.framework.AssertionFailedError" message="Expected  2 insights triggered But found Empty {}">
      <![CDATA[junit.framework.AssertionFailedError: Expected  2 insights triggered But found Empty {}
	at junit.framework.Assert.fail(Assert.java:57)
	at com.yodlee.app.yodleeApi.Insights.Notifications.V2.TestGetInsightsForDuplicateTransactions.testGetNotificationsForDuplicateTransaction(TestGetInsightsForDuplicateTransactions.java:307)
	at sun.reflect.NativeMethodAccessorImpl.invoke0(Native Method)
	at sun.reflect.NativeMethodAccessorImpl.invoke(Unknown Source)
	at sun.reflect.DelegatingMethodAccessorImpl.invoke(Unknown Source)
	at java.lang.reflect.Method.invoke(Unknown Source)
	at org.testng.internal.MethodInvocationHelper.invokeMethod(MethodInvocationHelper.java:104)
	at org.testng.internal.Invoker.invokeMethod(Invoker.java:645)
	at org.testng.internal.Invoker.invokeTestMethod(Invoker.java:851)
	at org.testng.internal.Invoker.invokeTestMethods(Invoker.java:1177)
	at org.testng.internal.TestMethodWorker.invokeTestMethods(TestMethodWorker.java:129)
	at org.testng.internal.TestMethodWorker.run(TestMethodWorker.java:112)
	at java.util.concurrent.ThreadPoolExecutor.runWorker(Unknown Source)
	at java.util.concurrent.ThreadPoolExecutor$Worker.run(Unknown Source)
	at java.lang.Thread.run(Unknown Source)
]]>
    </failure>
  </testcase> <!-- testGetNotificationsForDuplicateTransaction -->
  <testcase name="testGetNotificationsForDuplicateTransaction" time="17.798" classname="com.yodlee.app.yodleeApi.Insights.Notifications.V2.TestGetInsightsForDuplicateTransactions"/>
  <testcase name="testGetNotificationsForDuplicateTransaction" time="16.865" classname="com.yodlee.app.yodleeApi.Insights.Notifications.V2.TestGetInsightsForDuplicateTransactions">
    <failure type="junit.framework.AssertionFailedError" message="Expected  2 insights triggered But found Empty {}">
      <![CDATA[junit.framework.AssertionFailedError: Expected  2 insights triggered But found Empty {}
	at junit.framework.Assert.fail(Assert.java:57)
	at com.yodlee.app.yodleeApi.Insights.Notifications.V2.TestGetInsightsForDuplicateTransactions.testGetNotificationsForDuplicateTransaction(TestGetInsightsForDuplicateTransactions.java:307)
	at sun.reflect.NativeMethodAccessorImpl.invoke0(Native Method)
	at sun.reflect.NativeMethodAccessorImpl.invoke(Unknown Source)
	at sun.reflect.DelegatingMethodAccessorImpl.invoke(Unknown Source)
	at java.lang.reflect.Method.invoke(Unknown Source)
	at org.testng.internal.MethodInvocationHelper.invokeMethod(MethodInvocationHelper.java:104)
	at org.testng.internal.Invoker.invokeMethod(Invoker.java:645)
	at org.testng.internal.Invoker.invokeTestMethod(Invoker.java:851)
	at org.testng.internal.Invoker.invokeTestMethods(Invoker.java:1177)
	at org.testng.internal.TestMethodWorker.invokeTestMethods(TestMethodWorker.java:129)
	at org.testng.internal.TestMethodWorker.run(TestMethodWorker.java:112)
	at java.util.concurrent.ThreadPoolExecutor.runWorker(Unknown Source)
	at java.util.concurrent.ThreadPoolExecutor$Worker.run(Unknown Source)
	at java.lang.Thread.run(Unknown Source)
]]>
    </failure>
  </testcase> <!-- testGetNotificationsForDuplicateTransaction -->
  <testcase name="testGetNotificationsForDuplicateTransaction" time="16.708" classname="com.yodlee.app.yodleeApi.Insights.Notifications.V2.TestGetInsightsForDuplicateTransactions">
    <failure type="junit.framework.AssertionFailedError" message="Expected  2 insights triggered But found Empty {}">
      <![CDATA[junit.framework.AssertionFailedError: Expected  2 insights triggered But found Empty {}
	at junit.framework.Assert.fail(Assert.java:57)
	at com.yodlee.app.yodleeApi.Insights.Notifications.V2.TestGetInsightsForDuplicateTransactions.testGetNotificationsForDuplicateTransaction(TestGetInsightsForDuplicateTransactions.java:307)
	at sun.reflect.NativeMethodAccessorImpl.invoke0(Native Method)
	at sun.reflect.NativeMethodAccessorImpl.invoke(Unknown Source)
	at sun.reflect.DelegatingMethodAccessorImpl.invoke(Unknown Source)
	at java.lang.reflect.Method.invoke(Unknown Source)
	at org.testng.internal.MethodInvocationHelper.invokeMethod(MethodInvocationHelper.java:104)
	at org.testng.internal.Invoker.invokeMethod(Invoker.java:645)
	at org.testng.internal.Invoker.invokeTestMethod(Invoker.java:851)
	at org.testng.internal.Invoker.invokeTestMethods(Invoker.java:1177)
	at org.testng.internal.TestMethodWorker.invokeTestMethods(TestMethodWorker.java:129)
	at org.testng.internal.TestMethodWorker.run(TestMethodWorker.java:112)
	at java.util.concurrent.ThreadPoolExecutor.runWorker(Unknown Source)
	at java.util.concurrent.ThreadPoolExecutor$Worker.run(Unknown Source)
	at java.lang.Thread.run(Unknown Source)
]]>
    </failure>
  </testcase> <!-- testGetNotificationsForDuplicateTransaction -->
  <testcase name="testGetNotificationsForDuplicateTransaction" time="16.444" classname="com.yodlee.app.yodleeApi.Insights.Notifications.V2.TestGetInsightsForDuplicateTransactions">
    <failure type="junit.framework.AssertionFailedError" message="Expected  2 insights triggered But found Empty {}">
      <![CDATA[junit.framework.AssertionFailedError: Expected  2 insights triggered But found Empty {}
	at junit.framework.Assert.fail(Assert.java:57)
	at com.yodlee.app.yodleeApi.Insights.Notifications.V2.TestGetInsightsForDuplicateTransactions.testGetNotificationsForDuplicateTransaction(TestGetInsightsForDuplicateTransactions.java:307)
	at sun.reflect.NativeMethodAccessorImpl.invoke0(Native Method)
	at sun.reflect.NativeMethodAccessorImpl.invoke(Unknown Source)
	at sun.reflect.DelegatingMethodAccessorImpl.invoke(Unknown Source)
	at java.lang.reflect.Method.invoke(Unknown Source)
	at org.testng.internal.MethodInvocationHelper.invokeMethod(MethodInvocationHelper.java:104)
	at org.testng.internal.Invoker.invokeMethod(Invoker.java:645)
	at org.testng.internal.Invoker.invokeTestMethod(Invoker.java:851)
	at org.testng.internal.Invoker.invokeTestMethods(Invoker.java:1177)
	at org.testng.internal.TestMethodWorker.invokeTestMethods(TestMethodWorker.java:129)
	at org.testng.internal.TestMethodWorker.run(TestMethodWorker.java:112)
	at java.util.concurrent.ThreadPoolExecutor.runWorker(Unknown Source)
	at java.util.concurrent.ThreadPoolExecutor$Worker.run(Unknown Source)
	at java.lang.Thread.run(Unknown Source)
]]>
    </failure>
  </testcase> <!-- testGetNotificationsForDuplicateTransaction -->
  <testcase name="testGetNotificationsForDuplicateTransaction" time="17.925" classname="com.yodlee.app.yodleeApi.Insights.Notifications.V2.TestGetInsightsForDuplicateTransactions"/>
  <testcase name="testGetNotificationsForDuplicateTransaction" time="18.502" classname="com.yodlee.app.yodleeApi.Insights.Notifications.V2.TestGetInsightsForDuplicateTransactions"/>
  <testcase name="testGetNotificationsForDuplicateTransaction" time="16.933" classname="com.yodlee.app.yodleeApi.Insights.Notifications.V2.TestGetInsightsForDuplicateTransactions">
    <failure type="junit.framework.AssertionFailedError" message="Expected  2 insights triggered But found Empty {}">
      <![CDATA[junit.framework.AssertionFailedError: Expected  2 insights triggered But found Empty {}
	at junit.framework.Assert.fail(Assert.java:57)
	at com.yodlee.app.yodleeApi.Insights.Notifications.V2.TestGetInsightsForDuplicateTransactions.testGetNotificationsForDuplicateTransaction(TestGetInsightsForDuplicateTransactions.java:307)
	at sun.reflect.NativeMethodAccessorImpl.invoke0(Native Method)
	at sun.reflect.NativeMethodAccessorImpl.invoke(Unknown Source)
	at sun.reflect.DelegatingMethodAccessorImpl.invoke(Unknown Source)
	at java.lang.reflect.Method.invoke(Unknown Source)
	at org.testng.internal.MethodInvocationHelper.invokeMethod(MethodInvocationHelper.java:104)
	at org.testng.internal.Invoker.invokeMethod(Invoker.java:645)
	at org.testng.internal.Invoker.invokeTestMethod(Invoker.java:851)
	at org.testng.internal.Invoker.invokeTestMethods(Invoker.java:1177)
	at org.testng.internal.TestMethodWorker.invokeTestMethods(TestMethodWorker.java:129)
	at org.testng.internal.TestMethodWorker.run(TestMethodWorker.java:112)
	at java.util.concurrent.ThreadPoolExecutor.runWorker(Unknown Source)
	at java.util.concurrent.ThreadPoolExecutor$Worker.run(Unknown Source)
	at java.lang.Thread.run(Unknown Source)
]]>
    </failure>
  </testcase> <!-- testGetNotificationsForDuplicateTransaction -->
  <testcase name="testGetNotificationsForDuplicateTransaction" time="16.643" classname="com.yodlee.app.yodleeApi.Insights.Notifications.V2.TestGetInsightsForDuplicateTransactions">
    <error type="java.lang.NullPointerException">
      <![CDATA[java.lang.NullPointerException
	at com.yodlee.insights.yodleeApi.utils.InsightsGenerics.getExpectedAttributesToBeValidatedV2(InsightsGenerics.java:1326)
	at com.yodlee.app.yodleeApi.Insights.Notifications.V2.TestGetInsightsForDuplicateTransactions.testGetNotificationsForDuplicateTransaction(TestGetInsightsForDuplicateTransactions.java:257)
	at sun.reflect.NativeMethodAccessorImpl.invoke0(Native Method)
	at sun.reflect.NativeMethodAccessorImpl.invoke(Unknown Source)
	at sun.reflect.DelegatingMethodAccessorImpl.invoke(Unknown Source)
	at java.lang.reflect.Method.invoke(Unknown Source)
	at org.testng.internal.MethodInvocationHelper.invokeMethod(MethodInvocationHelper.java:104)
	at org.testng.internal.Invoker.invokeMethod(Invoker.java:645)
	at org.testng.internal.Invoker.invokeTestMethod(Invoker.java:851)
	at org.testng.internal.Invoker.invokeTestMethods(Invoker.java:1177)
	at org.testng.internal.TestMethodWorker.invokeTestMethods(TestMethodWorker.java:129)
	at org.testng.internal.TestMethodWorker.run(TestMethodWorker.java:112)
	at java.util.concurrent.ThreadPoolExecutor.runWorker(Unknown Source)
	at java.util.concurrent.ThreadPoolExecutor$Worker.run(Unknown Source)
	at java.lang.Thread.run(Unknown Source)
]]>
    </error>
  </testcase> <!-- testGetNotificationsForDuplicateTransaction -->
  <testcase name="testGetNotificationsForDuplicateTransaction" time="17.154" classname="com.yodlee.app.yodleeApi.Insights.Notifications.V2.TestGetInsightsForDuplicateTransactions">
    <failure type="junit.framework.AssertionFailedError" message="Expected  2 insights triggered But found Empty {}">
      <![CDATA[junit.framework.AssertionFailedError: Expected  2 insights triggered But found Empty {}
	at junit.framework.Assert.fail(Assert.java:57)
	at com.yodlee.app.yodleeApi.Insights.Notifications.V2.TestGetInsightsForDuplicateTransactions.testGetNotificationsForDuplicateTransaction(TestGetInsightsForDuplicateTransactions.java:307)
	at sun.reflect.NativeMethodAccessorImpl.invoke0(Native Method)
	at sun.reflect.NativeMethodAccessorImpl.invoke(Unknown Source)
	at sun.reflect.DelegatingMethodAccessorImpl.invoke(Unknown Source)
	at java.lang.reflect.Method.invoke(Unknown Source)
	at org.testng.internal.MethodInvocationHelper.invokeMethod(MethodInvocationHelper.java:104)
	at org.testng.internal.Invoker.invokeMethod(Invoker.java:645)
	at org.testng.internal.Invoker.invokeTestMethod(Invoker.java:851)
	at org.testng.internal.Invoker.invokeTestMethods(Invoker.java:1177)
	at org.testng.internal.TestMethodWorker.invokeTestMethods(TestMethodWorker.java:129)
	at org.testng.internal.TestMethodWorker.run(TestMethodWorker.java:112)
	at java.util.concurrent.ThreadPoolExecutor.runWorker(Unknown Source)
	at java.util.concurrent.ThreadPoolExecutor$Worker.run(Unknown Source)
	at java.lang.Thread.run(Unknown Source)
]]>
    </failure>
  </testcase> <!-- testGetNotificationsForDuplicateTransaction -->
</testsuite> <!-- com.yodlee.app.yodleeApi.Insights.Notifications.V2.TestGetInsightsForDuplicateTransactions -->
