<?xml version="1.0" encoding="UTF-8"?>
<!-- Generated by org.testng.reporters.JUnitReportReporter -->
<testsuite name="com.yodlee.app.yodleeApi.Insights.V2.TestGetUserSubscriptions" tests="67" time="25.388" ignored="0" failures="14" timestamp="09 Apr 2021 11:37:36 GMT" skipped="0" hostname="IN-L2504" errors="0">
  <testcase name="testGetUserSubscriptions" time="0.387" classname="com.yodlee.app.yodleeApi.Insights.V2.TestGetUserSubscriptions"/>
  <testcase name="testGetUserSubscriptions" time="0.691" classname="com.yodlee.app.yodleeApi.Insights.V2.TestGetUserSubscriptions"/>
  <testcase name="testGetUserSubscriptions" time="0.345" classname="com.yodlee.app.yodleeApi.Insights.V2.TestGetUserSubscriptions"/>
  <testcase name="testGetUserSubscriptions" time="0.302" classname="com.yodlee.app.yodleeApi.Insights.V2.TestGetUserSubscriptions"/>
  <testcase name="testGetUserSubscriptions" time="0.362" classname="com.yodlee.app.yodleeApi.Insights.V2.TestGetUserSubscriptions"/>
  <testcase name="testGetUserSubscriptions" time="0.387" classname="com.yodlee.app.yodleeApi.Insights.V2.TestGetUserSubscriptions">
    <failure type="java.lang.AssertionError" message="null">
      <![CDATA[java.lang.AssertionError: null
	at org.testng.Assert.fail(Assert.java:94)
	at org.testng.Assert.fail(Assert.java:101)
	at com.yodlee.app.yodleeApi.Insights.V2.TestGetUserSubscriptions.testGetUserSubscriptions(TestGetUserSubscriptions.java:177)
	at sun.reflect.GeneratedMethodAccessor315.invoke(Unknown Source)
	at sun.reflect.DelegatingMethodAccessorImpl.invoke(Unknown Source)
	at java.lang.reflect.Method.invoke(Unknown Source)
	at org.testng.internal.MethodInvocationHelper.invokeMethod(MethodInvocationHelper.java:104)
	at org.testng.internal.Invoker.invokeMethod(Invoker.java:645)
	at org.testng.internal.Invoker.invokeTestMethod(Invoker.java:851)
	at org.testng.internal.Invoker.invokeTestMethods(Invoker.java:1177)
	at org.testng.internal.TestMethodWorker.invokeTestMethods(TestMethodWorker.java:129)
	at org.testng.internal.TestMethodWorker.run(TestMethodWorker.java:112)
	at java.util.concurrent.ThreadPoolExecutor.runWorker(Unknown Source)
	at java.util.concurrent.ThreadPoolExecutor$Worker.run(Unknown Source)
	at java.lang.Thread.run(Unknown Source)
]]>
    </failure>
  </testcase> <!-- testGetUserSubscriptions -->
  <testcase name="testGetUserSubscriptions" time="0.334" classname="com.yodlee.app.yodleeApi.Insights.V2.TestGetUserSubscriptions">
    <failure type="java.lang.AssertionError" message="null">
      <![CDATA[java.lang.AssertionError: null
	at org.testng.Assert.fail(Assert.java:94)
	at org.testng.Assert.fail(Assert.java:101)
	at com.yodlee.app.yodleeApi.Insights.V2.TestGetUserSubscriptions.testGetUserSubscriptions(TestGetUserSubscriptions.java:177)
	at sun.reflect.NativeMethodAccessorImpl.invoke0(Native Method)
	at sun.reflect.NativeMethodAccessorImpl.invoke(Unknown Source)
	at sun.reflect.DelegatingMethodAccessorImpl.invoke(Unknown Source)
	at java.lang.reflect.Method.invoke(Unknown Source)
	at org.testng.internal.MethodInvocationHelper.invokeMethod(MethodInvocationHelper.java:104)
	at org.testng.internal.Invoker.invokeMethod(Invoker.java:645)
	at org.testng.internal.Invoker.invokeTestMethod(Invoker.java:851)
	at org.testng.internal.Invoker.invokeTestMethods(Invoker.java:1177)
	at org.testng.internal.TestMethodWorker.invokeTestMethods(TestMethodWorker.java:129)
	at org.testng.internal.TestMethodWorker.run(TestMethodWorker.java:112)
	at java.util.concurrent.ThreadPoolExecutor.runWorker(Unknown Source)
	at java.util.concurrent.ThreadPoolExecutor$Worker.run(Unknown Source)
	at java.lang.Thread.run(Unknown Source)
]]>
    </failure>
  </testcase> <!-- testGetUserSubscriptions -->
  <testcase name="testGetUserSubscriptions" time="0.353" classname="com.yodlee.app.yodleeApi.Insights.V2.TestGetUserSubscriptions">
    <failure type="java.lang.AssertionError" message="null">
      <![CDATA[java.lang.AssertionError: null
	at org.testng.Assert.fail(Assert.java:94)
	at org.testng.Assert.fail(Assert.java:101)
	at com.yodlee.app.yodleeApi.Insights.V2.TestGetUserSubscriptions.testGetUserSubscriptions(TestGetUserSubscriptions.java:177)
	at sun.reflect.NativeMethodAccessorImpl.invoke0(Native Method)
	at sun.reflect.NativeMethodAccessorImpl.invoke(Unknown Source)
	at sun.reflect.DelegatingMethodAccessorImpl.invoke(Unknown Source)
	at java.lang.reflect.Method.invoke(Unknown Source)
	at org.testng.internal.MethodInvocationHelper.invokeMethod(MethodInvocationHelper.java:104)
	at org.testng.internal.Invoker.invokeMethod(Invoker.java:645)
	at org.testng.internal.Invoker.invokeTestMethod(Invoker.java:851)
	at org.testng.internal.Invoker.invokeTestMethods(Invoker.java:1177)
	at org.testng.internal.TestMethodWorker.invokeTestMethods(TestMethodWorker.java:129)
	at org.testng.internal.TestMethodWorker.run(TestMethodWorker.java:112)
	at java.util.concurrent.ThreadPoolExecutor.runWorker(Unknown Source)
	at java.util.concurrent.ThreadPoolExecutor$Worker.run(Unknown Source)
	at java.lang.Thread.run(Unknown Source)
]]>
    </failure>
  </testcase> <!-- testGetUserSubscriptions -->
  <testcase name="testGetUserSubscriptions" time="0.392" classname="com.yodlee.app.yodleeApi.Insights.V2.TestGetUserSubscriptions"/>
  <testcase name="testGetUserSubscriptions" time="0.341" classname="com.yodlee.app.yodleeApi.Insights.V2.TestGetUserSubscriptions"/>
  <testcase name="testGetUserSubscriptions" time="0.368" classname="com.yodlee.app.yodleeApi.Insights.V2.TestGetUserSubscriptions"/>
  <testcase name="testGetUserSubscriptions" time="0.231" classname="com.yodlee.app.yodleeApi.Insights.V2.TestGetUserSubscriptions"/>
  <testcase name="testGetUserSubscriptions" time="0.317" classname="com.yodlee.app.yodleeApi.Insights.V2.TestGetUserSubscriptions"/>
  <testcase name="testGetUserSubscriptions" time="0.385" classname="com.yodlee.app.yodleeApi.Insights.V2.TestGetUserSubscriptions"/>
  <testcase name="testGetUserSubscriptions" time="0.348" classname="com.yodlee.app.yodleeApi.Insights.V2.TestGetUserSubscriptions"/>
  <testcase name="testGetUserSubscriptions" time="0.374" classname="com.yodlee.app.yodleeApi.Insights.V2.TestGetUserSubscriptions"/>
  <testcase name="testGetUserSubscriptions" time="0.358" classname="com.yodlee.app.yodleeApi.Insights.V2.TestGetUserSubscriptions"/>
  <testcase name="testGetUserSubscriptions" time="0.380" classname="com.yodlee.app.yodleeApi.Insights.V2.TestGetUserSubscriptions"/>
  <testcase name="testGetUserSubscriptions" time="0.702" classname="com.yodlee.app.yodleeApi.Insights.V2.TestGetUserSubscriptions">
    <failure type="java.lang.AssertionError" message="null">
      <![CDATA[java.lang.AssertionError: null
	at org.testng.Assert.fail(Assert.java:94)
	at org.testng.Assert.fail(Assert.java:101)
	at com.yodlee.app.yodleeApi.Insights.V2.TestGetUserSubscriptions.testGetUserSubscriptions(TestGetUserSubscriptions.java:177)
	at sun.reflect.NativeMethodAccessorImpl.invoke0(Native Method)
	at sun.reflect.NativeMethodAccessorImpl.invoke(Unknown Source)
	at sun.reflect.DelegatingMethodAccessorImpl.invoke(Unknown Source)
	at java.lang.reflect.Method.invoke(Unknown Source)
	at org.testng.internal.MethodInvocationHelper.invokeMethod(MethodInvocationHelper.java:104)
	at org.testng.internal.Invoker.invokeMethod(Invoker.java:645)
	at org.testng.internal.Invoker.invokeTestMethod(Invoker.java:851)
	at org.testng.internal.Invoker.invokeTestMethods(Invoker.java:1177)
	at org.testng.internal.TestMethodWorker.invokeTestMethods(TestMethodWorker.java:129)
	at org.testng.internal.TestMethodWorker.run(TestMethodWorker.java:112)
	at java.util.concurrent.ThreadPoolExecutor.runWorker(Unknown Source)
	at java.util.concurrent.ThreadPoolExecutor$Worker.run(Unknown Source)
	at java.lang.Thread.run(Unknown Source)
]]>
    </failure>
  </testcase> <!-- testGetUserSubscriptions -->
  <testcase name="testGetUserSubscriptions" time="0.276" classname="com.yodlee.app.yodleeApi.Insights.V2.TestGetUserSubscriptions"/>
  <testcase name="testGetUserSubscriptions" time="0.340" classname="com.yodlee.app.yodleeApi.Insights.V2.TestGetUserSubscriptions">
    <failure type="java.lang.AssertionError" message="null">
      <![CDATA[java.lang.AssertionError: null
	at org.testng.Assert.fail(Assert.java:94)
	at org.testng.Assert.fail(Assert.java:101)
	at com.yodlee.app.yodleeApi.Insights.V2.TestGetUserSubscriptions.testGetUserSubscriptions(TestGetUserSubscriptions.java:177)
	at sun.reflect.GeneratedMethodAccessor315.invoke(Unknown Source)
	at sun.reflect.DelegatingMethodAccessorImpl.invoke(Unknown Source)
	at java.lang.reflect.Method.invoke(Unknown Source)
	at org.testng.internal.MethodInvocationHelper.invokeMethod(MethodInvocationHelper.java:104)
	at org.testng.internal.Invoker.invokeMethod(Invoker.java:645)
	at org.testng.internal.Invoker.invokeTestMethod(Invoker.java:851)
	at org.testng.internal.Invoker.invokeTestMethods(Invoker.java:1177)
	at org.testng.internal.TestMethodWorker.invokeTestMethods(TestMethodWorker.java:129)
	at org.testng.internal.TestMethodWorker.run(TestMethodWorker.java:112)
	at java.util.concurrent.ThreadPoolExecutor.runWorker(Unknown Source)
	at java.util.concurrent.ThreadPoolExecutor$Worker.run(Unknown Source)
	at java.lang.Thread.run(Unknown Source)
]]>
    </failure>
  </testcase> <!-- testGetUserSubscriptions -->
  <testcase name="testGetUserSubscriptions" time="0.339" classname="com.yodlee.app.yodleeApi.Insights.V2.TestGetUserSubscriptions"/>
  <testcase name="testGetUserSubscriptions" time="0.332" classname="com.yodlee.app.yodleeApi.Insights.V2.TestGetUserSubscriptions"/>
  <testcase name="testGetUserSubscriptions" time="0.167" classname="com.yodlee.app.yodleeApi.Insights.V2.TestGetUserSubscriptions"/>
  <testcase name="testGetUserSubscriptions" time="0.380" classname="com.yodlee.app.yodleeApi.Insights.V2.TestGetUserSubscriptions"/>
  <testcase name="testGetUserSubscriptions" time="0.342" classname="com.yodlee.app.yodleeApi.Insights.V2.TestGetUserSubscriptions"/>
  <testcase name="testGetUserSubscriptions" time="0.654" classname="com.yodlee.app.yodleeApi.Insights.V2.TestGetUserSubscriptions"/>
  <testcase name="testGetUserSubscriptions" time="0.310" classname="com.yodlee.app.yodleeApi.Insights.V2.TestGetUserSubscriptions"/>
  <testcase name="testGetUserSubscriptions" time="0.316" classname="com.yodlee.app.yodleeApi.Insights.V2.TestGetUserSubscriptions"/>
  <testcase name="testGetUserSubscriptions" time="0.323" classname="com.yodlee.app.yodleeApi.Insights.V2.TestGetUserSubscriptions"/>
  <testcase name="testGetUserSubscriptions" time="0.371" classname="com.yodlee.app.yodleeApi.Insights.V2.TestGetUserSubscriptions"/>
  <testcase name="testGetUserSubscriptions" time="0.441" classname="com.yodlee.app.yodleeApi.Insights.V2.TestGetUserSubscriptions"/>
  <testcase name="testGetUserSubscriptions" time="0.354" classname="com.yodlee.app.yodleeApi.Insights.V2.TestGetUserSubscriptions"/>
  <testcase name="testGetUserSubscriptions" time="0.373" classname="com.yodlee.app.yodleeApi.Insights.V2.TestGetUserSubscriptions">
    <failure type="java.lang.AssertionError" message="null">
      <![CDATA[java.lang.AssertionError: null
	at org.testng.Assert.fail(Assert.java:94)
	at org.testng.Assert.fail(Assert.java:101)
	at com.yodlee.app.yodleeApi.Insights.V2.TestGetUserSubscriptions.testGetUserSubscriptions(TestGetUserSubscriptions.java:177)
	at sun.reflect.NativeMethodAccessorImpl.invoke0(Native Method)
	at sun.reflect.NativeMethodAccessorImpl.invoke(Unknown Source)
	at sun.reflect.DelegatingMethodAccessorImpl.invoke(Unknown Source)
	at java.lang.reflect.Method.invoke(Unknown Source)
	at org.testng.internal.MethodInvocationHelper.invokeMethod(MethodInvocationHelper.java:104)
	at org.testng.internal.Invoker.invokeMethod(Invoker.java:645)
	at org.testng.internal.Invoker.invokeTestMethod(Invoker.java:851)
	at org.testng.internal.Invoker.invokeTestMethods(Invoker.java:1177)
	at org.testng.internal.TestMethodWorker.invokeTestMethods(TestMethodWorker.java:129)
	at org.testng.internal.TestMethodWorker.run(TestMethodWorker.java:112)
	at java.util.concurrent.ThreadPoolExecutor.runWorker(Unknown Source)
	at java.util.concurrent.ThreadPoolExecutor$Worker.run(Unknown Source)
	at java.lang.Thread.run(Unknown Source)
]]>
    </failure>
  </testcase> <!-- testGetUserSubscriptions -->
  <testcase name="testGetUserSubscriptions" time="0.381" classname="com.yodlee.app.yodleeApi.Insights.V2.TestGetUserSubscriptions"/>
  <testcase name="testGetUserSubscriptions" time="0.293" classname="com.yodlee.app.yodleeApi.Insights.V2.TestGetUserSubscriptions">
    <failure type="java.lang.AssertionError" message="null">
      <![CDATA[java.lang.AssertionError: null
	at org.testng.Assert.fail(Assert.java:94)
	at org.testng.Assert.fail(Assert.java:101)
	at com.yodlee.app.yodleeApi.Insights.V2.TestGetUserSubscriptions.testGetUserSubscriptions(TestGetUserSubscriptions.java:177)
	at sun.reflect.NativeMethodAccessorImpl.invoke0(Native Method)
	at sun.reflect.NativeMethodAccessorImpl.invoke(Unknown Source)
	at sun.reflect.DelegatingMethodAccessorImpl.invoke(Unknown Source)
	at java.lang.reflect.Method.invoke(Unknown Source)
	at org.testng.internal.MethodInvocationHelper.invokeMethod(MethodInvocationHelper.java:104)
	at org.testng.internal.Invoker.invokeMethod(Invoker.java:645)
	at org.testng.internal.Invoker.invokeTestMethod(Invoker.java:851)
	at org.testng.internal.Invoker.invokeTestMethods(Invoker.java:1177)
	at org.testng.internal.TestMethodWorker.invokeTestMethods(TestMethodWorker.java:129)
	at org.testng.internal.TestMethodWorker.run(TestMethodWorker.java:112)
	at java.util.concurrent.ThreadPoolExecutor.runWorker(Unknown Source)
	at java.util.concurrent.ThreadPoolExecutor$Worker.run(Unknown Source)
	at java.lang.Thread.run(Unknown Source)
]]>
    </failure>
  </testcase> <!-- testGetUserSubscriptions -->
  <testcase name="testGetUserSubscriptions" time="0.326" classname="com.yodlee.app.yodleeApi.Insights.V2.TestGetUserSubscriptions"/>
  <testcase name="testGetUserSubscriptions" time="0.294" classname="com.yodlee.app.yodleeApi.Insights.V2.TestGetUserSubscriptions"/>
  <testcase name="testGetUserSubscriptions" time="0.674" classname="com.yodlee.app.yodleeApi.Insights.V2.TestGetUserSubscriptions"/>
  <testcase name="testGetUserSubscriptions" time="0.342" classname="com.yodlee.app.yodleeApi.Insights.V2.TestGetUserSubscriptions"/>
  <testcase name="testGetUserSubscriptions" time="0.420" classname="com.yodlee.app.yodleeApi.Insights.V2.TestGetUserSubscriptions"/>
  <testcase name="testGetUserSubscriptions" time="0.356" classname="com.yodlee.app.yodleeApi.Insights.V2.TestGetUserSubscriptions"/>
  <testcase name="testGetUserSubscriptions" time="0.383" classname="com.yodlee.app.yodleeApi.Insights.V2.TestGetUserSubscriptions"/>
  <testcase name="testGetUserSubscriptions" time="0.383" classname="com.yodlee.app.yodleeApi.Insights.V2.TestGetUserSubscriptions"/>
  <testcase name="testGetUserSubscriptions" time="0.362" classname="com.yodlee.app.yodleeApi.Insights.V2.TestGetUserSubscriptions">
    <failure type="java.lang.AssertionError" message="null">
      <![CDATA[java.lang.AssertionError: null
	at org.testng.Assert.fail(Assert.java:94)
	at org.testng.Assert.fail(Assert.java:101)
	at com.yodlee.app.yodleeApi.Insights.V2.TestGetUserSubscriptions.testGetUserSubscriptions(TestGetUserSubscriptions.java:177)
	at sun.reflect.GeneratedMethodAccessor315.invoke(Unknown Source)
	at sun.reflect.DelegatingMethodAccessorImpl.invoke(Unknown Source)
	at java.lang.reflect.Method.invoke(Unknown Source)
	at org.testng.internal.MethodInvocationHelper.invokeMethod(MethodInvocationHelper.java:104)
	at org.testng.internal.Invoker.invokeMethod(Invoker.java:645)
	at org.testng.internal.Invoker.invokeTestMethod(Invoker.java:851)
	at org.testng.internal.Invoker.invokeTestMethods(Invoker.java:1177)
	at org.testng.internal.TestMethodWorker.invokeTestMethods(TestMethodWorker.java:129)
	at org.testng.internal.TestMethodWorker.run(TestMethodWorker.java:112)
	at java.util.concurrent.ThreadPoolExecutor.runWorker(Unknown Source)
	at java.util.concurrent.ThreadPoolExecutor$Worker.run(Unknown Source)
	at java.lang.Thread.run(Unknown Source)
]]>
    </failure>
  </testcase> <!-- testGetUserSubscriptions -->
  <testcase name="testGetUserSubscriptions" time="0.728" classname="com.yodlee.app.yodleeApi.Insights.V2.TestGetUserSubscriptions"/>
  <testcase name="testGetUserSubscriptions" time="0.371" classname="com.yodlee.app.yodleeApi.Insights.V2.TestGetUserSubscriptions"/>
  <testcase name="testGetUserSubscriptions" time="0.381" classname="com.yodlee.app.yodleeApi.Insights.V2.TestGetUserSubscriptions"/>
  <testcase name="testGetUserSubscriptions" time="0.355" classname="com.yodlee.app.yodleeApi.Insights.V2.TestGetUserSubscriptions"/>
  <testcase name="testGetUserSubscriptions" time="0.589" classname="com.yodlee.app.yodleeApi.Insights.V2.TestGetUserSubscriptions">
    <failure type="java.lang.AssertionError" message="null">
      <![CDATA[java.lang.AssertionError: null
	at org.testng.Assert.fail(Assert.java:94)
	at org.testng.Assert.fail(Assert.java:101)
	at com.yodlee.app.yodleeApi.Insights.V2.TestGetUserSubscriptions.testGetUserSubscriptions(TestGetUserSubscriptions.java:177)
	at sun.reflect.GeneratedMethodAccessor315.invoke(Unknown Source)
	at sun.reflect.DelegatingMethodAccessorImpl.invoke(Unknown Source)
	at java.lang.reflect.Method.invoke(Unknown Source)
	at org.testng.internal.MethodInvocationHelper.invokeMethod(MethodInvocationHelper.java:104)
	at org.testng.internal.Invoker.invokeMethod(Invoker.java:645)
	at org.testng.internal.Invoker.invokeTestMethod(Invoker.java:851)
	at org.testng.internal.Invoker.invokeTestMethods(Invoker.java:1177)
	at org.testng.internal.TestMethodWorker.invokeTestMethods(TestMethodWorker.java:129)
	at org.testng.internal.TestMethodWorker.run(TestMethodWorker.java:112)
	at java.util.concurrent.ThreadPoolExecutor.runWorker(Unknown Source)
	at java.util.concurrent.ThreadPoolExecutor$Worker.run(Unknown Source)
	at java.lang.Thread.run(Unknown Source)
]]>
    </failure>
  </testcase> <!-- testGetUserSubscriptions -->
  <testcase name="testGetUserSubscriptions" time="0.368" classname="com.yodlee.app.yodleeApi.Insights.V2.TestGetUserSubscriptions"/>
  <testcase name="testGetUserSubscriptions" time="0.243" classname="com.yodlee.app.yodleeApi.Insights.V2.TestGetUserSubscriptions">
    <failure type="java.lang.AssertionError" message="null">
      <![CDATA[java.lang.AssertionError: null
	at org.testng.Assert.fail(Assert.java:94)
	at org.testng.Assert.fail(Assert.java:101)
	at com.yodlee.app.yodleeApi.Insights.V2.TestGetUserSubscriptions.testGetUserSubscriptions(TestGetUserSubscriptions.java:177)
	at sun.reflect.GeneratedMethodAccessor315.invoke(Unknown Source)
	at sun.reflect.DelegatingMethodAccessorImpl.invoke(Unknown Source)
	at java.lang.reflect.Method.invoke(Unknown Source)
	at org.testng.internal.MethodInvocationHelper.invokeMethod(MethodInvocationHelper.java:104)
	at org.testng.internal.Invoker.invokeMethod(Invoker.java:645)
	at org.testng.internal.Invoker.invokeTestMethod(Invoker.java:851)
	at org.testng.internal.Invoker.invokeTestMethods(Invoker.java:1177)
	at org.testng.internal.TestMethodWorker.invokeTestMethods(TestMethodWorker.java:129)
	at org.testng.internal.TestMethodWorker.run(TestMethodWorker.java:112)
	at java.util.concurrent.ThreadPoolExecutor.runWorker(Unknown Source)
	at java.util.concurrent.ThreadPoolExecutor$Worker.run(Unknown Source)
	at java.lang.Thread.run(Unknown Source)
]]>
    </failure>
  </testcase> <!-- testGetUserSubscriptions -->
  <testcase name="testGetUserSubscriptions" time="0.328" classname="com.yodlee.app.yodleeApi.Insights.V2.TestGetUserSubscriptions">
    <failure type="java.lang.AssertionError" message="null">
      <![CDATA[java.lang.AssertionError: null
	at org.testng.Assert.fail(Assert.java:94)
	at org.testng.Assert.fail(Assert.java:101)
	at com.yodlee.app.yodleeApi.Insights.V2.TestGetUserSubscriptions.testGetUserSubscriptions(TestGetUserSubscriptions.java:177)
	at sun.reflect.GeneratedMethodAccessor315.invoke(Unknown Source)
	at sun.reflect.DelegatingMethodAccessorImpl.invoke(Unknown Source)
	at java.lang.reflect.Method.invoke(Unknown Source)
	at org.testng.internal.MethodInvocationHelper.invokeMethod(MethodInvocationHelper.java:104)
	at org.testng.internal.Invoker.invokeMethod(Invoker.java:645)
	at org.testng.internal.Invoker.invokeTestMethod(Invoker.java:851)
	at org.testng.internal.Invoker.invokeTestMethods(Invoker.java:1177)
	at org.testng.internal.TestMethodWorker.invokeTestMethods(TestMethodWorker.java:129)
	at org.testng.internal.TestMethodWorker.run(TestMethodWorker.java:112)
	at java.util.concurrent.ThreadPoolExecutor.runWorker(Unknown Source)
	at java.util.concurrent.ThreadPoolExecutor$Worker.run(Unknown Source)
	at java.lang.Thread.run(Unknown Source)
]]>
    </failure>
  </testcase> <!-- testGetUserSubscriptions -->
  <testcase name="testGetUserSubscriptions" time="0.438" classname="com.yodlee.app.yodleeApi.Insights.V2.TestGetUserSubscriptions"/>
  <testcase name="testGetUserSubscriptions" time="0.282" classname="com.yodlee.app.yodleeApi.Insights.V2.TestGetUserSubscriptions"/>
  <testcase name="testGetUserSubscriptions" time="0.326" classname="com.yodlee.app.yodleeApi.Insights.V2.TestGetUserSubscriptions"/>
  <testcase name="testGetUserSubscriptions" time="0.391" classname="com.yodlee.app.yodleeApi.Insights.V2.TestGetUserSubscriptions">
    <failure type="java.lang.AssertionError" message="null">
      <![CDATA[java.lang.AssertionError: null
	at org.testng.Assert.fail(Assert.java:94)
	at org.testng.Assert.fail(Assert.java:101)
	at com.yodlee.app.yodleeApi.Insights.V2.TestGetUserSubscriptions.testGetUserSubscriptions(TestGetUserSubscriptions.java:177)
	at sun.reflect.GeneratedMethodAccessor315.invoke(Unknown Source)
	at sun.reflect.DelegatingMethodAccessorImpl.invoke(Unknown Source)
	at java.lang.reflect.Method.invoke(Unknown Source)
	at org.testng.internal.MethodInvocationHelper.invokeMethod(MethodInvocationHelper.java:104)
	at org.testng.internal.Invoker.invokeMethod(Invoker.java:645)
	at org.testng.internal.Invoker.invokeTestMethod(Invoker.java:851)
	at org.testng.internal.Invoker.invokeTestMethods(Invoker.java:1177)
	at org.testng.internal.TestMethodWorker.invokeTestMethods(TestMethodWorker.java:129)
	at org.testng.internal.TestMethodWorker.run(TestMethodWorker.java:112)
	at java.util.concurrent.ThreadPoolExecutor.runWorker(Unknown Source)
	at java.util.concurrent.ThreadPoolExecutor$Worker.run(Unknown Source)
	at java.lang.Thread.run(Unknown Source)
]]>
    </failure>
  </testcase> <!-- testGetUserSubscriptions -->
  <testcase name="testGetUserSubscriptions" time="0.409" classname="com.yodlee.app.yodleeApi.Insights.V2.TestGetUserSubscriptions"/>
  <testcase name="testGetUserSubscriptions" time="0.438" classname="com.yodlee.app.yodleeApi.Insights.V2.TestGetUserSubscriptions"/>
  <testcase name="testGetUserSubscriptions" time="0.330" classname="com.yodlee.app.yodleeApi.Insights.V2.TestGetUserSubscriptions">
    <failure type="java.lang.AssertionError" message="null">
      <![CDATA[java.lang.AssertionError: null
	at org.testng.Assert.fail(Assert.java:94)
	at org.testng.Assert.fail(Assert.java:101)
	at com.yodlee.app.yodleeApi.Insights.V2.TestGetUserSubscriptions.testGetUserSubscriptions(TestGetUserSubscriptions.java:177)
	at sun.reflect.GeneratedMethodAccessor315.invoke(Unknown Source)
	at sun.reflect.DelegatingMethodAccessorImpl.invoke(Unknown Source)
	at java.lang.reflect.Method.invoke(Unknown Source)
	at org.testng.internal.MethodInvocationHelper.invokeMethod(MethodInvocationHelper.java:104)
	at org.testng.internal.Invoker.invokeMethod(Invoker.java:645)
	at org.testng.internal.Invoker.invokeTestMethod(Invoker.java:851)
	at org.testng.internal.Invoker.invokeTestMethods(Invoker.java:1177)
	at org.testng.internal.TestMethodWorker.invokeTestMethods(TestMethodWorker.java:129)
	at org.testng.internal.TestMethodWorker.run(TestMethodWorker.java:112)
	at java.util.concurrent.ThreadPoolExecutor.runWorker(Unknown Source)
	at java.util.concurrent.ThreadPoolExecutor$Worker.run(Unknown Source)
	at java.lang.Thread.run(Unknown Source)
]]>
    </failure>
  </testcase> <!-- testGetUserSubscriptions -->
  <testcase name="testGetUserSubscriptions" time="0.451" classname="com.yodlee.app.yodleeApi.Insights.V2.TestGetUserSubscriptions"/>
  <testcase name="testGetUserSubscriptions" time="0.365" classname="com.yodlee.app.yodleeApi.Insights.V2.TestGetUserSubscriptions"/>
  <testcase name="testGetUserSubscriptions" time="0.256" classname="com.yodlee.app.yodleeApi.Insights.V2.TestGetUserSubscriptions">
    <failure type="java.lang.AssertionError" message="null">
      <![CDATA[java.lang.AssertionError: null
	at org.testng.Assert.fail(Assert.java:94)
	at org.testng.Assert.fail(Assert.java:101)
	at com.yodlee.app.yodleeApi.Insights.V2.TestGetUserSubscriptions.testGetUserSubscriptions(TestGetUserSubscriptions.java:177)
	at sun.reflect.GeneratedMethodAccessor315.invoke(Unknown Source)
	at sun.reflect.DelegatingMethodAccessorImpl.invoke(Unknown Source)
	at java.lang.reflect.Method.invoke(Unknown Source)
	at org.testng.internal.MethodInvocationHelper.invokeMethod(MethodInvocationHelper.java:104)
	at org.testng.internal.Invoker.invokeMethod(Invoker.java:645)
	at org.testng.internal.Invoker.invokeTestMethod(Invoker.java:851)
	at org.testng.internal.Invoker.invokeTestMethods(Invoker.java:1177)
	at org.testng.internal.TestMethodWorker.invokeTestMethods(TestMethodWorker.java:129)
	at org.testng.internal.TestMethodWorker.run(TestMethodWorker.java:112)
	at java.util.concurrent.ThreadPoolExecutor.runWorker(Unknown Source)
	at java.util.concurrent.ThreadPoolExecutor$Worker.run(Unknown Source)
	at java.lang.Thread.run(Unknown Source)
]]>
    </failure>
  </testcase> <!-- testGetUserSubscriptions -->
  <testcase name="testGetUserSubscriptions" time="0.443" classname="com.yodlee.app.yodleeApi.Insights.V2.TestGetUserSubscriptions"/>
  <testcase name="testGetUserSubscriptions" time="0.341" classname="com.yodlee.app.yodleeApi.Insights.V2.TestGetUserSubscriptions"/>
  <testcase name="testGetUserSubscriptions" time="0.353" classname="com.yodlee.app.yodleeApi.Insights.V2.TestGetUserSubscriptions"/>
  <testcase name="testGetUserSubscriptions" time="0.313" classname="com.yodlee.app.yodleeApi.Insights.V2.TestGetUserSubscriptions"/>
</testsuite> <!-- com.yodlee.app.yodleeApi.Insights.V2.TestGetUserSubscriptions -->
