<?xml version="1.0" encoding="UTF-8"?>
<!-- Generated by org.testng.reporters.JUnitReportReporter -->
<testsuite name="com.yodlee.app.yodleeApi.Insights.Notifications.V2.TestGetInsightsForNetworthSummary1" tests="2" time="0.000" ignored="0" failures="0" timestamp="26 Apr 2021 05:33:29 GMT" skipped="1" hostname="IN-L2504" errors="1">
  <testcase name="unRegisteredUser" time="0.000" classname="com.yodlee.app.yodleeApi.Insights.Notifications.V2.TestGetInsightsForNetworthSummary1">
    <error type="java.lang.NullPointerException">
      <![CDATA[java.lang.NullPointerException
	at com.yodlee.commonUtils.RestUtil.getApiResponse(RestUtil.java:328)
	at com.yodlee.yodleeApi.authentication.UserAuthImpl.unRegister(UserAuthImpl.java:72)
	at com.yodlee.yodleeApi.utils.apiUtils.UserUtils.unRegisterUser(UserUtils.java:129)
	at com.yodlee.app.yodleeApi.Insights.Notifications.V2.TestGetInsightsForNetworthSummary1.unRegisteredUser(TestGetInsightsForNetworthSummary1.java:392)
	at sun.reflect.NativeMethodAccessorImpl.invoke0(Native Method)
	at sun.reflect.NativeMethodAccessorImpl.invoke(Unknown Source)
	at sun.reflect.DelegatingMethodAccessorImpl.invoke(Unknown Source)
	at java.lang.reflect.Method.invoke(Unknown Source)
	at org.testng.internal.MethodInvocationHelper.invokeMethod(MethodInvocationHelper.java:104)
	at org.testng.internal.Invoker.invokeConfigurationMethod(Invoker.java:515)
	at org.testng.internal.Invoker.invokeConfigurations(Invoker.java:217)
	at org.testng.internal.Invoker.invokeConfigurations(Invoker.java:144)
	at org.testng.internal.TestMethodWorker.invokeAfterClassMethods(TestMethodWorker.java:217)
	at org.testng.internal.TestMethodWorker.run(TestMethodWorker.java:115)
	at java.util.concurrent.ThreadPoolExecutor.runWorker(Unknown Source)
	at java.util.concurrent.ThreadPoolExecutor$Worker.run(Unknown Source)
	at java.lang.Thread.run(Unknown Source)
]]>
    </error>
  </testcase> <!-- unRegisteredUser -->
  <testcase name="testGetNotificationsForNetworthSummary" time="0.000" classname="com.yodlee.app.yodleeApi.Insights.Notifications.V2.TestGetInsightsForNetworthSummary1">
    <skipped/>
  </testcase> <!-- testGetNotificationsForNetworthSummary -->
</testsuite> <!-- com.yodlee.app.yodleeApi.Insights.Notifications.V2.TestGetInsightsForNetworthSummary1 -->
