<?xml version="1.0" encoding="UTF-8"?>
<!-- Generated by org.testng.reporters.JUnitReportReporter -->
<testsuite name="com.yodlee.app.yodleeApi.Insights.Notifications.V2.TestGetInsightsForCardStatementDueReminder" tests="22" time="233.017" ignored="0" failures="3" timestamp="26 May 2021 12:25:37 GMT" skipped="0" hostname="IN-L2504" errors="0">
  <testcase name="testGetNotificationsForCardStatementDueReminder" time="10.619" classname="com.yodlee.app.yodleeApi.Insights.Notifications.V2.TestGetInsightsForCardStatementDueReminder"/>
  <testcase name="testGetNotificationsForCardStatementDueReminder" time="10.534" classname="com.yodlee.app.yodleeApi.Insights.Notifications.V2.TestGetInsightsForCardStatementDueReminder"/>
  <testcase name="testGetNotificationsForCardStatementDueReminder" time="10.562" classname="com.yodlee.app.yodleeApi.Insights.Notifications.V2.TestGetInsightsForCardStatementDueReminder"/>
  <testcase name="testGetNotificationsForCardStatementDueReminder" time="10.654" classname="com.yodlee.app.yodleeApi.Insights.Notifications.V2.TestGetInsightsForCardStatementDueReminder"/>
  <testcase name="testGetNotificationsForCardStatementDueReminder" time="10.609" classname="com.yodlee.app.yodleeApi.Insights.Notifications.V2.TestGetInsightsForCardStatementDueReminder"/>
  <testcase name="testGetNotificationsForCardStatementDueReminder" time="10.803" classname="com.yodlee.app.yodleeApi.Insights.Notifications.V2.TestGetInsightsForCardStatementDueReminder"/>
  <testcase name="testGetNotificationsForCardStatementDueReminder" time="10.578" classname="com.yodlee.app.yodleeApi.Insights.Notifications.V2.TestGetInsightsForCardStatementDueReminder"/>
  <testcase name="testGetNotificationsForCardStatementDueReminder" time="10.495" classname="com.yodlee.app.yodleeApi.Insights.Notifications.V2.TestGetInsightsForCardStatementDueReminder">
    <failure type="junit.framework.AssertionFailedError" message="Expected Number of Insights are not generated for All Accounts, Expected = 1 Insights Actual = 2 Insights">
      <![CDATA[junit.framework.AssertionFailedError: Expected Number of Insights are not generated for All Accounts, Expected = 1 Insights Actual = 2 Insights
	at junit.framework.Assert.fail(Assert.java:57)
	at com.yodlee.app.yodleeApi.Insights.Notifications.V2.TestGetInsightsForCardStatementDueReminder.testGetNotificationsForCardStatementDueReminder(TestGetInsightsForCardStatementDueReminder.java:314)
	at sun.reflect.NativeMethodAccessorImpl.invoke0(Native Method)
	at sun.reflect.NativeMethodAccessorImpl.invoke(Unknown Source)
	at sun.reflect.DelegatingMethodAccessorImpl.invoke(Unknown Source)
	at java.lang.reflect.Method.invoke(Unknown Source)
	at org.testng.internal.MethodInvocationHelper.invokeMethod(MethodInvocationHelper.java:104)
	at org.testng.internal.Invoker.invokeMethod(Invoker.java:645)
	at org.testng.internal.Invoker.invokeTestMethod(Invoker.java:851)
	at org.testng.internal.Invoker.invokeTestMethods(Invoker.java:1177)
	at org.testng.internal.TestMethodWorker.invokeTestMethods(TestMethodWorker.java:129)
	at org.testng.internal.TestMethodWorker.run(TestMethodWorker.java:112)
	at java.util.concurrent.ThreadPoolExecutor.runWorker(Unknown Source)
	at java.util.concurrent.ThreadPoolExecutor$Worker.run(Unknown Source)
	at java.lang.Thread.run(Unknown Source)
]]>
    </failure>
  </testcase> <!-- testGetNotificationsForCardStatementDueReminder -->
  <testcase name="testGetNotificationsForCardStatementDueReminder" time="10.655" classname="com.yodlee.app.yodleeApi.Insights.Notifications.V2.TestGetInsightsForCardStatementDueReminder">
    <failure type="junit.framework.AssertionFailedError" message="Expected Number of Insights are not generated for All Accounts, Expected = 1 Insights Actual = 2 Insights">
      <![CDATA[junit.framework.AssertionFailedError: Expected Number of Insights are not generated for All Accounts, Expected = 1 Insights Actual = 2 Insights
	at junit.framework.Assert.fail(Assert.java:57)
	at com.yodlee.app.yodleeApi.Insights.Notifications.V2.TestGetInsightsForCardStatementDueReminder.testGetNotificationsForCardStatementDueReminder(TestGetInsightsForCardStatementDueReminder.java:314)
	at sun.reflect.GeneratedMethodAccessor270.invoke(Unknown Source)
	at sun.reflect.DelegatingMethodAccessorImpl.invoke(Unknown Source)
	at java.lang.reflect.Method.invoke(Unknown Source)
	at org.testng.internal.MethodInvocationHelper.invokeMethod(MethodInvocationHelper.java:104)
	at org.testng.internal.Invoker.invokeMethod(Invoker.java:645)
	at org.testng.internal.Invoker.invokeTestMethod(Invoker.java:851)
	at org.testng.internal.Invoker.invokeTestMethods(Invoker.java:1177)
	at org.testng.internal.TestMethodWorker.invokeTestMethods(TestMethodWorker.java:129)
	at org.testng.internal.TestMethodWorker.run(TestMethodWorker.java:112)
	at java.util.concurrent.ThreadPoolExecutor.runWorker(Unknown Source)
	at java.util.concurrent.ThreadPoolExecutor$Worker.run(Unknown Source)
	at java.lang.Thread.run(Unknown Source)
]]>
    </failure>
  </testcase> <!-- testGetNotificationsForCardStatementDueReminder -->
  <testcase name="testGetNotificationsForCardStatementDueReminder" time="10.486" classname="com.yodlee.app.yodleeApi.Insights.Notifications.V2.TestGetInsightsForCardStatementDueReminder"/>
  <testcase name="testGetNotificationsForCardStatementDueReminder" time="10.544" classname="com.yodlee.app.yodleeApi.Insights.Notifications.V2.TestGetInsightsForCardStatementDueReminder"/>
  <testcase name="testGetNotificationsForCardStatementDueReminder" time="10.546" classname="com.yodlee.app.yodleeApi.Insights.Notifications.V2.TestGetInsightsForCardStatementDueReminder"/>
  <testcase name="testGetNotificationsForCardStatementDueReminder" time="10.638" classname="com.yodlee.app.yodleeApi.Insights.Notifications.V2.TestGetInsightsForCardStatementDueReminder"/>
  <testcase name="testGetNotificationsForCardStatementDueReminder" time="10.618" classname="com.yodlee.app.yodleeApi.Insights.Notifications.V2.TestGetInsightsForCardStatementDueReminder"/>
  <testcase name="testGetNotificationsForCardStatementDueReminder" time="10.575" classname="com.yodlee.app.yodleeApi.Insights.Notifications.V2.TestGetInsightsForCardStatementDueReminder"/>
  <testcase name="testGetNotificationsForCardStatementDueReminder" time="10.571" classname="com.yodlee.app.yodleeApi.Insights.Notifications.V2.TestGetInsightsForCardStatementDueReminder"/>
  <testcase name="testGetNotificationsForCardStatementDueReminder" time="10.576" classname="com.yodlee.app.yodleeApi.Insights.Notifications.V2.TestGetInsightsForCardStatementDueReminder"/>
  <testcase name="testGetNotificationsForCardStatementDueReminder" time="10.504" classname="com.yodlee.app.yodleeApi.Insights.Notifications.V2.TestGetInsightsForCardStatementDueReminder">
    <failure type="junit.framework.AssertionFailedError" message="Expected Number of Insights are not generated for All Accounts, Expected = 2 Insights Actual = 3 Insights">
      <![CDATA[junit.framework.AssertionFailedError: Expected Number of Insights are not generated for All Accounts, Expected = 2 Insights Actual = 3 Insights
	at junit.framework.Assert.fail(Assert.java:57)
	at com.yodlee.app.yodleeApi.Insights.Notifications.V2.TestGetInsightsForCardStatementDueReminder.testGetNotificationsForCardStatementDueReminder(TestGetInsightsForCardStatementDueReminder.java:314)
	at sun.reflect.NativeMethodAccessorImpl.invoke0(Native Method)
	at sun.reflect.NativeMethodAccessorImpl.invoke(Unknown Source)
	at sun.reflect.DelegatingMethodAccessorImpl.invoke(Unknown Source)
	at java.lang.reflect.Method.invoke(Unknown Source)
	at org.testng.internal.MethodInvocationHelper.invokeMethod(MethodInvocationHelper.java:104)
	at org.testng.internal.Invoker.invokeMethod(Invoker.java:645)
	at org.testng.internal.Invoker.invokeTestMethod(Invoker.java:851)
	at org.testng.internal.Invoker.invokeTestMethods(Invoker.java:1177)
	at org.testng.internal.TestMethodWorker.invokeTestMethods(TestMethodWorker.java:129)
	at org.testng.internal.TestMethodWorker.run(TestMethodWorker.java:112)
	at java.util.concurrent.ThreadPoolExecutor.runWorker(Unknown Source)
	at java.util.concurrent.ThreadPoolExecutor$Worker.run(Unknown Source)
	at java.lang.Thread.run(Unknown Source)
]]>
    </failure>
  </testcase> <!-- testGetNotificationsForCardStatementDueReminder -->
  <testcase name="testGetNotificationsForCardStatementDueReminder" time="10.680" classname="com.yodlee.app.yodleeApi.Insights.Notifications.V2.TestGetInsightsForCardStatementDueReminder"/>
  <testcase name="testGetNotificationsForCardStatementDueReminder" time="10.644" classname="com.yodlee.app.yodleeApi.Insights.Notifications.V2.TestGetInsightsForCardStatementDueReminder"/>
  <testcase name="testGetNotificationsForCardStatementDueReminder" time="10.535" classname="com.yodlee.app.yodleeApi.Insights.Notifications.V2.TestGetInsightsForCardStatementDueReminder"/>
  <testcase name="testGetNotificationsForCardStatementDueReminder" time="10.591" classname="com.yodlee.app.yodleeApi.Insights.Notifications.V2.TestGetInsightsForCardStatementDueReminder"/>
</testsuite> <!-- com.yodlee.app.yodleeApi.Insights.Notifications.V2.TestGetInsightsForCardStatementDueReminder -->
