<?xml version="1.0" encoding="UTF-8"?>
<!-- Generated by org.testng.reporters.JUnitReportReporter -->
<testsuite name="com.yodlee.app.yodleeApi.Insights.Notifications.V2.TestGetInsightsForLoanMaturityNotice" tests="12" time="812.319" ignored="0" failures="0" timestamp="18 May 2021 18:30:32 GMT" skipped="0" hostname="IN-L2504" errors="0">
  <testcase name="testGetNotificationsForLoanMaturityNotice" time="67.056" classname="com.yodlee.app.yodleeApi.Insights.Notifications.V2.TestGetInsightsForLoanMaturityNotice"/>
  <testcase name="testGetNotificationsForLoanMaturityNotice" time="67.031" classname="com.yodlee.app.yodleeApi.Insights.Notifications.V2.TestGetInsightsForLoanMaturityNotice"/>
  <testcase name="testGetNotificationsForLoanMaturityNotice" time="66.950" classname="com.yodlee.app.yodleeApi.Insights.Notifications.V2.TestGetInsightsForLoanMaturityNotice"/>
  <testcase name="testGetNotificationsForLoanMaturityNotice" time="67.642" classname="com.yodlee.app.yodleeApi.Insights.Notifications.V2.TestGetInsightsForLoanMaturityNotice"/>
  <testcase name="testGetNotificationsForLoanMaturityNotice" time="68.657" classname="com.yodlee.app.yodleeApi.Insights.Notifications.V2.TestGetInsightsForLoanMaturityNotice"/>
  <testcase name="testGetNotificationsForLoanMaturityNotice" time="67.883" classname="com.yodlee.app.yodleeApi.Insights.Notifications.V2.TestGetInsightsForLoanMaturityNotice"/>
  <testcase name="testGetNotificationsForLoanMaturityNotice" time="68.503" classname="com.yodlee.app.yodleeApi.Insights.Notifications.V2.TestGetInsightsForLoanMaturityNotice"/>
  <testcase name="testGetNotificationsForLoanMaturityNotice" time="67.084" classname="com.yodlee.app.yodleeApi.Insights.Notifications.V2.TestGetInsightsForLoanMaturityNotice"/>
  <testcase name="testGetNotificationsForLoanMaturityNotice" time="67.393" classname="com.yodlee.app.yodleeApi.Insights.Notifications.V2.TestGetInsightsForLoanMaturityNotice"/>
  <testcase name="testGetNotificationsForLoanMaturityNotice" time="67.262" classname="com.yodlee.app.yodleeApi.Insights.Notifications.V2.TestGetInsightsForLoanMaturityNotice"/>
  <testcase name="testGetNotificationsForLoanMaturityNotice" time="70.177" classname="com.yodlee.app.yodleeApi.Insights.Notifications.V2.TestGetInsightsForLoanMaturityNotice"/>
  <testcase name="testGetNotificationsForLoanMaturityNotice" time="66.681" classname="com.yodlee.app.yodleeApi.Insights.Notifications.V2.TestGetInsightsForLoanMaturityNotice"/>
</testsuite> <!-- com.yodlee.app.yodleeApi.Insights.Notifications.V2.TestGetInsightsForLoanMaturityNotice -->
