<?xml version="1.0" encoding="UTF-8"?>
<!-- Generated by org.testng.reporters.JUnitReportReporter -->
<testsuite name="com.yodlee.app.yodleeApi.Insights.Notifications.V2.TestGetInsightsForIncomeThreshold" tests="9" time="725.695" ignored="0" failures="1" timestamp="18 May 2021 18:30:32 GMT" skipped="0" hostname="IN-L2504" errors="1">
  <testcase name="testGetNotificationsForIncomeExpenseOverview" time="89.723" classname="com.yodlee.app.yodleeApi.Insights.Notifications.V2.TestGetInsightsForIncomeThreshold"/>
  <testcase name="testGetNotificationsForIncomeExpenseOverview" time="103.950" classname="com.yodlee.app.yodleeApi.Insights.Notifications.V2.TestGetInsightsForIncomeThreshold"/>
  <testcase name="testGetNotificationsForIncomeExpenseOverview" time="90.135" classname="com.yodlee.app.yodleeApi.Insights.Notifications.V2.TestGetInsightsForIncomeThreshold"/>
  <testcase name="testGetNotificationsForIncomeExpenseOverview" time="86.425" classname="com.yodlee.app.yodleeApi.Insights.Notifications.V2.TestGetInsightsForIncomeThreshold"/>
  <testcase name="testGetNotificationsForIncomeExpenseOverview" time="88.912" classname="com.yodlee.app.yodleeApi.Insights.Notifications.V2.TestGetInsightsForIncomeThreshold">
    <failure type="java.lang.AssertionError" message="Test FAILED -&gt; Expected  0 insights triggered But found 1 Insights for All Account ">
      <![CDATA[java.lang.AssertionError: Test FAILED -> Expected  0 insights triggered But found 1 Insights for All Account 
	at org.testng.Assert.fail(Assert.java:94)
	at com.yodlee.app.yodleeApi.Insights.Notifications.V2.TestGetInsightsForIncomeThreshold.testGetNotificationsForIncomeExpenseOverview(TestGetInsightsForIncomeThreshold.java:311)
	at sun.reflect.NativeMethodAccessorImpl.invoke0(Native Method)
	at sun.reflect.NativeMethodAccessorImpl.invoke(Unknown Source)
	at sun.reflect.DelegatingMethodAccessorImpl.invoke(Unknown Source)
	at java.lang.reflect.Method.invoke(Unknown Source)
	at org.testng.internal.MethodInvocationHelper.invokeMethod(MethodInvocationHelper.java:104)
	at org.testng.internal.Invoker.invokeMethod(Invoker.java:645)
	at org.testng.internal.Invoker.invokeTestMethod(Invoker.java:851)
	at org.testng.internal.Invoker.invokeTestMethods(Invoker.java:1177)
	at org.testng.internal.TestMethodWorker.invokeTestMethods(TestMethodWorker.java:129)
	at org.testng.internal.TestMethodWorker.run(TestMethodWorker.java:112)
	at java.util.concurrent.ThreadPoolExecutor.runWorker(Unknown Source)
	at java.util.concurrent.ThreadPoolExecutor$Worker.run(Unknown Source)
	at java.lang.Thread.run(Unknown Source)
]]>
    </failure>
  </testcase> <!-- testGetNotificationsForIncomeExpenseOverview -->
  <testcase name="testGetNotificationsForIncomeExpenseOverview" time="90.989" classname="com.yodlee.app.yodleeApi.Insights.Notifications.V2.TestGetInsightsForIncomeThreshold"/>
  <testcase name="testGetNotificationsForIncomeExpenseOverview" time="89.041" classname="com.yodlee.app.yodleeApi.Insights.Notifications.V2.TestGetInsightsForIncomeThreshold"/>
  <testcase name="testGetNotificationsForIncomeExpenseOverview" time="86.520" classname="com.yodlee.app.yodleeApi.Insights.Notifications.V2.TestGetInsightsForIncomeThreshold"/>
  <testcase name="prepareAutomationReport" time="0.000" classname="com.yodlee.app.yodleeApi.Insights.Notifications.V2.TestGetInsightsForIncomeThreshold">
    <error type="java.lang.NullPointerException">
      <![CDATA[java.lang.NullPointerException
	at com.yodlee.insights.yodleeApi.utils.InsightsHelper.printSummaryOfTests(InsightsHelper.java:1966)
	at com.yodlee.app.yodleeApi.Insights.Notifications.V2.TestGetInsightsForIncomeThreshold.prepareAutomationReport(TestGetInsightsForIncomeThreshold.java:318)
	at sun.reflect.NativeMethodAccessorImpl.invoke0(Native Method)
	at sun.reflect.NativeMethodAccessorImpl.invoke(Unknown Source)
	at sun.reflect.DelegatingMethodAccessorImpl.invoke(Unknown Source)
	at java.lang.reflect.Method.invoke(Unknown Source)
	at org.testng.internal.MethodInvocationHelper.invokeMethod(MethodInvocationHelper.java:104)
	at org.testng.internal.Invoker.invokeConfigurationMethod(Invoker.java:515)
	at org.testng.internal.Invoker.invokeConfigurations(Invoker.java:217)
	at org.testng.internal.Invoker.invokeMethod(Invoker.java:712)
	at org.testng.internal.Invoker.invokeTestMethod(Invoker.java:851)
	at org.testng.internal.Invoker.invokeTestMethods(Invoker.java:1177)
	at org.testng.internal.TestMethodWorker.invokeTestMethods(TestMethodWorker.java:129)
	at org.testng.internal.TestMethodWorker.run(TestMethodWorker.java:112)
	at java.util.concurrent.ThreadPoolExecutor.runWorker(Unknown Source)
	at java.util.concurrent.ThreadPoolExecutor$Worker.run(Unknown Source)
	at java.lang.Thread.run(Unknown Source)
]]>
    </error>
  </testcase> <!-- prepareAutomationReport -->
</testsuite> <!-- com.yodlee.app.yodleeApi.Insights.Notifications.V2.TestGetInsightsForIncomeThreshold -->
