<?xml version="1.0" encoding="UTF-8"?>
<!-- Generated by org.testng.reporters.JUnitReportReporter -->
<testsuite name="com.yodlee.app.yodleeApi.Insights.Notifications.V2.TestGetInsightsForChangeInNetworth" tests="18" time="1185.306" ignored="0" failures="10" timestamp="14 Jun 2021 20:37:45 GMT" skipped="0" hostname="IN-L2504" errors="0">
  <testcase name="testGetNotificationsForChangeInNetworth" time="4.051" classname="com.yodlee.app.yodleeApi.Insights.Notifications.V2.TestGetInsightsForChangeInNetworth">
    <failure type="java.lang.AssertionError" message="User subscription Patch FAILED">
      <![CDATA[java.lang.AssertionError: User subscription Patch FAILED
	at org.testng.Assert.fail(Assert.java:94)
	at com.yodlee.app.yodleeApi.Insights.Notifications.V2.TestGetInsightsForChangeInNetworth.testGetNotificationsForChangeInNetworth(TestGetInsightsForChangeInNetworth.java:318)
	at sun.reflect.NativeMethodAccessorImpl.invoke0(Native Method)
	at sun.reflect.NativeMethodAccessorImpl.invoke(Unknown Source)
	at sun.reflect.DelegatingMethodAccessorImpl.invoke(Unknown Source)
	at java.lang.reflect.Method.invoke(Unknown Source)
	at org.testng.internal.MethodInvocationHelper.invokeMethod(MethodInvocationHelper.java:104)
	at org.testng.internal.Invoker.invokeMethod(Invoker.java:645)
	at org.testng.internal.Invoker.invokeTestMethod(Invoker.java:851)
	at org.testng.internal.Invoker.invokeTestMethods(Invoker.java:1177)
	at org.testng.internal.TestMethodWorker.invokeTestMethods(TestMethodWorker.java:129)
	at org.testng.internal.TestMethodWorker.run(TestMethodWorker.java:112)
	at java.util.concurrent.ThreadPoolExecutor.runWorker(Unknown Source)
	at java.util.concurrent.ThreadPoolExecutor$Worker.run(Unknown Source)
	at java.lang.Thread.run(Unknown Source)
]]>
    </failure>
  </testcase> <!-- testGetNotificationsForChangeInNetworth -->
  <testcase name="testGetNotificationsForChangeInNetworth" time="100.642" classname="com.yodlee.app.yodleeApi.Insights.Notifications.V2.TestGetInsightsForChangeInNetworth"/>
  <testcase name="testGetNotificationsForChangeInNetworth" time="4.810" classname="com.yodlee.app.yodleeApi.Insights.Notifications.V2.TestGetInsightsForChangeInNetworth">
    <failure type="java.lang.AssertionError" message="User subscription Patch FAILED">
      <![CDATA[java.lang.AssertionError: User subscription Patch FAILED
	at org.testng.Assert.fail(Assert.java:94)
	at com.yodlee.app.yodleeApi.Insights.Notifications.V2.TestGetInsightsForChangeInNetworth.testGetNotificationsForChangeInNetworth(TestGetInsightsForChangeInNetworth.java:318)
	at sun.reflect.GeneratedMethodAccessor282.invoke(Unknown Source)
	at sun.reflect.DelegatingMethodAccessorImpl.invoke(Unknown Source)
	at java.lang.reflect.Method.invoke(Unknown Source)
	at org.testng.internal.MethodInvocationHelper.invokeMethod(MethodInvocationHelper.java:104)
	at org.testng.internal.Invoker.invokeMethod(Invoker.java:645)
	at org.testng.internal.Invoker.invokeTestMethod(Invoker.java:851)
	at org.testng.internal.Invoker.invokeTestMethods(Invoker.java:1177)
	at org.testng.internal.TestMethodWorker.invokeTestMethods(TestMethodWorker.java:129)
	at org.testng.internal.TestMethodWorker.run(TestMethodWorker.java:112)
	at java.util.concurrent.ThreadPoolExecutor.runWorker(Unknown Source)
	at java.util.concurrent.ThreadPoolExecutor$Worker.run(Unknown Source)
	at java.lang.Thread.run(Unknown Source)
]]>
    </failure>
  </testcase> <!-- testGetNotificationsForChangeInNetworth -->
  <testcase name="testGetNotificationsForChangeInNetworth" time="98.002" classname="com.yodlee.app.yodleeApi.Insights.Notifications.V2.TestGetInsightsForChangeInNetworth"/>
  <testcase name="testGetNotificationsForChangeInNetworth" time="2.780" classname="com.yodlee.app.yodleeApi.Insights.Notifications.V2.TestGetInsightsForChangeInNetworth">
    <failure type="java.lang.AssertionError" message="User subscription Patch FAILED">
      <![CDATA[java.lang.AssertionError: User subscription Patch FAILED
	at org.testng.Assert.fail(Assert.java:94)
	at com.yodlee.app.yodleeApi.Insights.Notifications.V2.TestGetInsightsForChangeInNetworth.testGetNotificationsForChangeInNetworth(TestGetInsightsForChangeInNetworth.java:318)
	at sun.reflect.NativeMethodAccessorImpl.invoke0(Native Method)
	at sun.reflect.NativeMethodAccessorImpl.invoke(Unknown Source)
	at sun.reflect.DelegatingMethodAccessorImpl.invoke(Unknown Source)
	at java.lang.reflect.Method.invoke(Unknown Source)
	at org.testng.internal.MethodInvocationHelper.invokeMethod(MethodInvocationHelper.java:104)
	at org.testng.internal.Invoker.invokeMethod(Invoker.java:645)
	at org.testng.internal.Invoker.invokeTestMethod(Invoker.java:851)
	at org.testng.internal.Invoker.invokeTestMethods(Invoker.java:1177)
	at org.testng.internal.TestMethodWorker.invokeTestMethods(TestMethodWorker.java:129)
	at org.testng.internal.TestMethodWorker.run(TestMethodWorker.java:112)
	at java.util.concurrent.ThreadPoolExecutor.runWorker(Unknown Source)
	at java.util.concurrent.ThreadPoolExecutor$Worker.run(Unknown Source)
	at java.lang.Thread.run(Unknown Source)
]]>
    </failure>
  </testcase> <!-- testGetNotificationsForChangeInNetworth -->
  <testcase name="testGetNotificationsForChangeInNetworth" time="4.924" classname="com.yodlee.app.yodleeApi.Insights.Notifications.V2.TestGetInsightsForChangeInNetworth">
    <failure type="java.lang.AssertionError" message="User subscription Patch FAILED">
      <![CDATA[java.lang.AssertionError: User subscription Patch FAILED
	at org.testng.Assert.fail(Assert.java:94)
	at com.yodlee.app.yodleeApi.Insights.Notifications.V2.TestGetInsightsForChangeInNetworth.testGetNotificationsForChangeInNetworth(TestGetInsightsForChangeInNetworth.java:318)
	at sun.reflect.NativeMethodAccessorImpl.invoke0(Native Method)
	at sun.reflect.NativeMethodAccessorImpl.invoke(Unknown Source)
	at sun.reflect.DelegatingMethodAccessorImpl.invoke(Unknown Source)
	at java.lang.reflect.Method.invoke(Unknown Source)
	at org.testng.internal.MethodInvocationHelper.invokeMethod(MethodInvocationHelper.java:104)
	at org.testng.internal.Invoker.invokeMethod(Invoker.java:645)
	at org.testng.internal.Invoker.invokeTestMethod(Invoker.java:851)
	at org.testng.internal.Invoker.invokeTestMethods(Invoker.java:1177)
	at org.testng.internal.TestMethodWorker.invokeTestMethods(TestMethodWorker.java:129)
	at org.testng.internal.TestMethodWorker.run(TestMethodWorker.java:112)
	at java.util.concurrent.ThreadPoolExecutor.runWorker(Unknown Source)
	at java.util.concurrent.ThreadPoolExecutor$Worker.run(Unknown Source)
	at java.lang.Thread.run(Unknown Source)
]]>
    </failure>
  </testcase> <!-- testGetNotificationsForChangeInNetworth -->
  <testcase name="testGetNotificationsForChangeInNetworth" time="99.881" classname="com.yodlee.app.yodleeApi.Insights.Notifications.V2.TestGetInsightsForChangeInNetworth"/>
  <testcase name="testGetNotificationsForChangeInNetworth" time="98.268" classname="com.yodlee.app.yodleeApi.Insights.Notifications.V2.TestGetInsightsForChangeInNetworth"/>
  <testcase name="testGetNotificationsForChangeInNetworth" time="66.362" classname="com.yodlee.app.yodleeApi.Insights.Notifications.V2.TestGetInsightsForChangeInNetworth">
    <failure type="java.lang.AssertionError" message="TEST FAILED">
      <![CDATA[java.lang.AssertionError: TEST FAILED
	at org.testng.Assert.fail(Assert.java:94)
	at com.yodlee.app.yodleeApi.Insights.Notifications.V2.TestGetInsightsForChangeInNetworth.testGetNotificationsForChangeInNetworth(TestGetInsightsForChangeInNetworth.java:298)
	at sun.reflect.NativeMethodAccessorImpl.invoke0(Native Method)
	at sun.reflect.NativeMethodAccessorImpl.invoke(Unknown Source)
	at sun.reflect.DelegatingMethodAccessorImpl.invoke(Unknown Source)
	at java.lang.reflect.Method.invoke(Unknown Source)
	at org.testng.internal.MethodInvocationHelper.invokeMethod(MethodInvocationHelper.java:104)
	at org.testng.internal.Invoker.invokeMethod(Invoker.java:645)
	at org.testng.internal.Invoker.invokeTestMethod(Invoker.java:851)
	at org.testng.internal.Invoker.invokeTestMethods(Invoker.java:1177)
	at org.testng.internal.TestMethodWorker.invokeTestMethods(TestMethodWorker.java:129)
	at org.testng.internal.TestMethodWorker.run(TestMethodWorker.java:112)
	at java.util.concurrent.ThreadPoolExecutor.runWorker(Unknown Source)
	at java.util.concurrent.ThreadPoolExecutor$Worker.run(Unknown Source)
	at java.lang.Thread.run(Unknown Source)
]]>
    </failure>
  </testcase> <!-- testGetNotificationsForChangeInNetworth -->
  <testcase name="testGetNotificationsForChangeInNetworth" time="66.815" classname="com.yodlee.app.yodleeApi.Insights.Notifications.V2.TestGetInsightsForChangeInNetworth">
    <failure type="java.lang.AssertionError" message="TEST FAILED">
      <![CDATA[java.lang.AssertionError: TEST FAILED
	at org.testng.Assert.fail(Assert.java:94)
	at com.yodlee.app.yodleeApi.Insights.Notifications.V2.TestGetInsightsForChangeInNetworth.testGetNotificationsForChangeInNetworth(TestGetInsightsForChangeInNetworth.java:298)
	at sun.reflect.NativeMethodAccessorImpl.invoke0(Native Method)
	at sun.reflect.NativeMethodAccessorImpl.invoke(Unknown Source)
	at sun.reflect.DelegatingMethodAccessorImpl.invoke(Unknown Source)
	at java.lang.reflect.Method.invoke(Unknown Source)
	at org.testng.internal.MethodInvocationHelper.invokeMethod(MethodInvocationHelper.java:104)
	at org.testng.internal.Invoker.invokeMethod(Invoker.java:645)
	at org.testng.internal.Invoker.invokeTestMethod(Invoker.java:851)
	at org.testng.internal.Invoker.invokeTestMethods(Invoker.java:1177)
	at org.testng.internal.TestMethodWorker.invokeTestMethods(TestMethodWorker.java:129)
	at org.testng.internal.TestMethodWorker.run(TestMethodWorker.java:112)
	at java.util.concurrent.ThreadPoolExecutor.runWorker(Unknown Source)
	at java.util.concurrent.ThreadPoolExecutor$Worker.run(Unknown Source)
	at java.lang.Thread.run(Unknown Source)
]]>
    </failure>
  </testcase> <!-- testGetNotificationsForChangeInNetworth -->
  <testcase name="testGetNotificationsForChangeInNetworth" time="102.075" classname="com.yodlee.app.yodleeApi.Insights.Notifications.V2.TestGetInsightsForChangeInNetworth"/>
  <testcase name="testGetNotificationsForChangeInNetworth" time="100.727" classname="com.yodlee.app.yodleeApi.Insights.Notifications.V2.TestGetInsightsForChangeInNetworth"/>
  <testcase name="testGetNotificationsForChangeInNetworth" time="97.076" classname="com.yodlee.app.yodleeApi.Insights.Notifications.V2.TestGetInsightsForChangeInNetworth"/>
  <testcase name="testGetNotificationsForChangeInNetworth" time="69.230" classname="com.yodlee.app.yodleeApi.Insights.Notifications.V2.TestGetInsightsForChangeInNetworth">
    <failure type="java.lang.AssertionError" message="TEST FAILED">
      <![CDATA[java.lang.AssertionError: TEST FAILED
	at org.testng.Assert.fail(Assert.java:94)
	at com.yodlee.app.yodleeApi.Insights.Notifications.V2.TestGetInsightsForChangeInNetworth.testGetNotificationsForChangeInNetworth(TestGetInsightsForChangeInNetworth.java:298)
	at sun.reflect.NativeMethodAccessorImpl.invoke0(Native Method)
	at sun.reflect.NativeMethodAccessorImpl.invoke(Unknown Source)
	at sun.reflect.DelegatingMethodAccessorImpl.invoke(Unknown Source)
	at java.lang.reflect.Method.invoke(Unknown Source)
	at org.testng.internal.MethodInvocationHelper.invokeMethod(MethodInvocationHelper.java:104)
	at org.testng.internal.Invoker.invokeMethod(Invoker.java:645)
	at org.testng.internal.Invoker.invokeTestMethod(Invoker.java:851)
	at org.testng.internal.Invoker.invokeTestMethods(Invoker.java:1177)
	at org.testng.internal.TestMethodWorker.invokeTestMethods(TestMethodWorker.java:129)
	at org.testng.internal.TestMethodWorker.run(TestMethodWorker.java:112)
	at java.util.concurrent.ThreadPoolExecutor.runWorker(Unknown Source)
	at java.util.concurrent.ThreadPoolExecutor$Worker.run(Unknown Source)
	at java.lang.Thread.run(Unknown Source)
]]>
    </failure>
  </testcase> <!-- testGetNotificationsForChangeInNetworth -->
  <testcase name="testGetNotificationsForChangeInNetworth" time="4.938" classname="com.yodlee.app.yodleeApi.Insights.Notifications.V2.TestGetInsightsForChangeInNetworth">
    <failure type="java.lang.AssertionError" message="User subscription Patch FAILED">
      <![CDATA[java.lang.AssertionError: User subscription Patch FAILED
	at org.testng.Assert.fail(Assert.java:94)
	at com.yodlee.app.yodleeApi.Insights.Notifications.V2.TestGetInsightsForChangeInNetworth.testGetNotificationsForChangeInNetworth(TestGetInsightsForChangeInNetworth.java:318)
	at sun.reflect.NativeMethodAccessorImpl.invoke0(Native Method)
	at sun.reflect.NativeMethodAccessorImpl.invoke(Unknown Source)
	at sun.reflect.DelegatingMethodAccessorImpl.invoke(Unknown Source)
	at java.lang.reflect.Method.invoke(Unknown Source)
	at org.testng.internal.MethodInvocationHelper.invokeMethod(MethodInvocationHelper.java:104)
	at org.testng.internal.Invoker.invokeMethod(Invoker.java:645)
	at org.testng.internal.Invoker.invokeTestMethod(Invoker.java:851)
	at org.testng.internal.Invoker.invokeTestMethods(Invoker.java:1177)
	at org.testng.internal.TestMethodWorker.invokeTestMethods(TestMethodWorker.java:129)
	at org.testng.internal.TestMethodWorker.run(TestMethodWorker.java:112)
	at java.util.concurrent.ThreadPoolExecutor.runWorker(Unknown Source)
	at java.util.concurrent.ThreadPoolExecutor$Worker.run(Unknown Source)
	at java.lang.Thread.run(Unknown Source)
]]>
    </failure>
  </testcase> <!-- testGetNotificationsForChangeInNetworth -->
  <testcase name="testGetNotificationsForChangeInNetworth" time="66.518" classname="com.yodlee.app.yodleeApi.Insights.Notifications.V2.TestGetInsightsForChangeInNetworth">
    <failure type="java.lang.AssertionError" message="TEST FAILED">
      <![CDATA[java.lang.AssertionError: TEST FAILED
	at org.testng.Assert.fail(Assert.java:94)
	at com.yodlee.app.yodleeApi.Insights.Notifications.V2.TestGetInsightsForChangeInNetworth.testGetNotificationsForChangeInNetworth(TestGetInsightsForChangeInNetworth.java:298)
	at sun.reflect.NativeMethodAccessorImpl.invoke0(Native Method)
	at sun.reflect.NativeMethodAccessorImpl.invoke(Unknown Source)
	at sun.reflect.DelegatingMethodAccessorImpl.invoke(Unknown Source)
	at java.lang.reflect.Method.invoke(Unknown Source)
	at org.testng.internal.MethodInvocationHelper.invokeMethod(MethodInvocationHelper.java:104)
	at org.testng.internal.Invoker.invokeMethod(Invoker.java:645)
	at org.testng.internal.Invoker.invokeTestMethod(Invoker.java:851)
	at org.testng.internal.Invoker.invokeTestMethods(Invoker.java:1177)
	at org.testng.internal.TestMethodWorker.invokeTestMethods(TestMethodWorker.java:129)
	at org.testng.internal.TestMethodWorker.run(TestMethodWorker.java:112)
	at java.util.concurrent.ThreadPoolExecutor.runWorker(Unknown Source)
	at java.util.concurrent.ThreadPoolExecutor$Worker.run(Unknown Source)
	at java.lang.Thread.run(Unknown Source)
]]>
    </failure>
  </testcase> <!-- testGetNotificationsForChangeInNetworth -->
  <testcase name="testGetNotificationsForChangeInNetworth" time="130.062" classname="com.yodlee.app.yodleeApi.Insights.Notifications.V2.TestGetInsightsForChangeInNetworth"/>
  <testcase name="testGetNotificationsForChangeInNetworth" time="68.145" classname="com.yodlee.app.yodleeApi.Insights.Notifications.V2.TestGetInsightsForChangeInNetworth">
    <failure type="java.lang.AssertionError" message="TEST FAILED">
      <![CDATA[java.lang.AssertionError: TEST FAILED
	at org.testng.Assert.fail(Assert.java:94)
	at com.yodlee.app.yodleeApi.Insights.Notifications.V2.TestGetInsightsForChangeInNetworth.testGetNotificationsForChangeInNetworth(TestGetInsightsForChangeInNetworth.java:298)
	at sun.reflect.NativeMethodAccessorImpl.invoke0(Native Method)
	at sun.reflect.NativeMethodAccessorImpl.invoke(Unknown Source)
	at sun.reflect.DelegatingMethodAccessorImpl.invoke(Unknown Source)
	at java.lang.reflect.Method.invoke(Unknown Source)
	at org.testng.internal.MethodInvocationHelper.invokeMethod(MethodInvocationHelper.java:104)
	at org.testng.internal.Invoker.invokeMethod(Invoker.java:645)
	at org.testng.internal.Invoker.invokeTestMethod(Invoker.java:851)
	at org.testng.internal.Invoker.invokeTestMethods(Invoker.java:1177)
	at org.testng.internal.TestMethodWorker.invokeTestMethods(TestMethodWorker.java:129)
	at org.testng.internal.TestMethodWorker.run(TestMethodWorker.java:112)
	at java.util.concurrent.ThreadPoolExecutor.runWorker(Unknown Source)
	at java.util.concurrent.ThreadPoolExecutor$Worker.run(Unknown Source)
	at java.lang.Thread.run(Unknown Source)
]]>
    </failure>
  </testcase> <!-- testGetNotificationsForChangeInNetworth -->
</testsuite> <!-- com.yodlee.app.yodleeApi.Insights.Notifications.V2.TestGetInsightsForChangeInNetworth -->
