<?xml version="1.0" encoding="UTF-8"?>
<!-- Generated by org.testng.reporters.JUnitReportReporter -->
<testsuite name="com.yodlee.app.yodleeApi.Insights.Notifications.V2.TestGetInsightsForChangeInAssets" tests="13" time="1050.847" ignored="0" failures="6" timestamp="14 Jun 2021 20:37:44 GMT" skipped="0" hostname="IN-L2504" errors="0">
  <testcase name="testGetNotificationsForChangeInAssets" time="98.405" classname="com.yodlee.app.yodleeApi.Insights.Notifications.V2.TestGetInsightsForChangeInAssets"/>
  <testcase name="testGetNotificationsForChangeInAssets" time="97.913" classname="com.yodlee.app.yodleeApi.Insights.Notifications.V2.TestGetInsightsForChangeInAssets"/>
  <testcase name="testGetNotificationsForChangeInAssets" time="66.107" classname="com.yodlee.app.yodleeApi.Insights.Notifications.V2.TestGetInsightsForChangeInAssets">
    <failure type="java.lang.AssertionError" message="TEST FAILED">
      <![CDATA[java.lang.AssertionError: TEST FAILED
	at org.testng.Assert.fail(Assert.java:94)
	at com.yodlee.app.yodleeApi.Insights.Notifications.V2.TestGetInsightsForChangeInAssets.testGetNotificationsForChangeInAssets(TestGetInsightsForChangeInAssets.java:298)
	at sun.reflect.NativeMethodAccessorImpl.invoke0(Native Method)
	at sun.reflect.NativeMethodAccessorImpl.invoke(Unknown Source)
	at sun.reflect.DelegatingMethodAccessorImpl.invoke(Unknown Source)
	at java.lang.reflect.Method.invoke(Unknown Source)
	at org.testng.internal.MethodInvocationHelper.invokeMethod(MethodInvocationHelper.java:104)
	at org.testng.internal.Invoker.invokeMethod(Invoker.java:645)
	at org.testng.internal.Invoker.invokeTestMethod(Invoker.java:851)
	at org.testng.internal.Invoker.invokeTestMethods(Invoker.java:1177)
	at org.testng.internal.TestMethodWorker.invokeTestMethods(TestMethodWorker.java:129)
	at org.testng.internal.TestMethodWorker.run(TestMethodWorker.java:112)
	at java.util.concurrent.ThreadPoolExecutor.runWorker(Unknown Source)
	at java.util.concurrent.ThreadPoolExecutor$Worker.run(Unknown Source)
	at java.lang.Thread.run(Unknown Source)
]]>
    </failure>
  </testcase> <!-- testGetNotificationsForChangeInAssets -->
  <testcase name="testGetNotificationsForChangeInAssets" time="116.151" classname="com.yodlee.app.yodleeApi.Insights.Notifications.V2.TestGetInsightsForChangeInAssets"/>
  <testcase name="testGetNotificationsForChangeInAssets" time="98.842" classname="com.yodlee.app.yodleeApi.Insights.Notifications.V2.TestGetInsightsForChangeInAssets"/>
  <testcase name="testGetNotificationsForChangeInAssets" time="67.776" classname="com.yodlee.app.yodleeApi.Insights.Notifications.V2.TestGetInsightsForChangeInAssets">
    <failure type="java.lang.AssertionError" message="TEST FAILED">
      <![CDATA[java.lang.AssertionError: TEST FAILED
	at org.testng.Assert.fail(Assert.java:94)
	at com.yodlee.app.yodleeApi.Insights.Notifications.V2.TestGetInsightsForChangeInAssets.testGetNotificationsForChangeInAssets(TestGetInsightsForChangeInAssets.java:298)
	at sun.reflect.NativeMethodAccessorImpl.invoke0(Native Method)
	at sun.reflect.NativeMethodAccessorImpl.invoke(Unknown Source)
	at sun.reflect.DelegatingMethodAccessorImpl.invoke(Unknown Source)
	at java.lang.reflect.Method.invoke(Unknown Source)
	at org.testng.internal.MethodInvocationHelper.invokeMethod(MethodInvocationHelper.java:104)
	at org.testng.internal.Invoker.invokeMethod(Invoker.java:645)
	at org.testng.internal.Invoker.invokeTestMethod(Invoker.java:851)
	at org.testng.internal.Invoker.invokeTestMethods(Invoker.java:1177)
	at org.testng.internal.TestMethodWorker.invokeTestMethods(TestMethodWorker.java:129)
	at org.testng.internal.TestMethodWorker.run(TestMethodWorker.java:112)
	at java.util.concurrent.ThreadPoolExecutor.runWorker(Unknown Source)
	at java.util.concurrent.ThreadPoolExecutor$Worker.run(Unknown Source)
	at java.lang.Thread.run(Unknown Source)
]]>
    </failure>
  </testcase> <!-- testGetNotificationsForChangeInAssets -->
  <testcase name="testGetNotificationsForChangeInAssets" time="69.001" classname="com.yodlee.app.yodleeApi.Insights.Notifications.V2.TestGetInsightsForChangeInAssets">
    <failure type="java.lang.AssertionError" message="TEST FAILED">
      <![CDATA[java.lang.AssertionError: TEST FAILED
	at org.testng.Assert.fail(Assert.java:94)
	at com.yodlee.app.yodleeApi.Insights.Notifications.V2.TestGetInsightsForChangeInAssets.testGetNotificationsForChangeInAssets(TestGetInsightsForChangeInAssets.java:298)
	at sun.reflect.NativeMethodAccessorImpl.invoke0(Native Method)
	at sun.reflect.NativeMethodAccessorImpl.invoke(Unknown Source)
	at sun.reflect.DelegatingMethodAccessorImpl.invoke(Unknown Source)
	at java.lang.reflect.Method.invoke(Unknown Source)
	at org.testng.internal.MethodInvocationHelper.invokeMethod(MethodInvocationHelper.java:104)
	at org.testng.internal.Invoker.invokeMethod(Invoker.java:645)
	at org.testng.internal.Invoker.invokeTestMethod(Invoker.java:851)
	at org.testng.internal.Invoker.invokeTestMethods(Invoker.java:1177)
	at org.testng.internal.TestMethodWorker.invokeTestMethods(TestMethodWorker.java:129)
	at org.testng.internal.TestMethodWorker.run(TestMethodWorker.java:112)
	at java.util.concurrent.ThreadPoolExecutor.runWorker(Unknown Source)
	at java.util.concurrent.ThreadPoolExecutor$Worker.run(Unknown Source)
	at java.lang.Thread.run(Unknown Source)
]]>
    </failure>
  </testcase> <!-- testGetNotificationsForChangeInAssets -->
  <testcase name="testGetNotificationsForChangeInAssets" time="3.948" classname="com.yodlee.app.yodleeApi.Insights.Notifications.V2.TestGetInsightsForChangeInAssets">
    <failure type="java.lang.AssertionError" message="User subscription Patch FAILED">
      <![CDATA[java.lang.AssertionError: User subscription Patch FAILED
	at org.testng.Assert.fail(Assert.java:94)
	at com.yodlee.app.yodleeApi.Insights.Notifications.V2.TestGetInsightsForChangeInAssets.testGetNotificationsForChangeInAssets(TestGetInsightsForChangeInAssets.java:318)
	at sun.reflect.NativeMethodAccessorImpl.invoke0(Native Method)
	at sun.reflect.NativeMethodAccessorImpl.invoke(Unknown Source)
	at sun.reflect.DelegatingMethodAccessorImpl.invoke(Unknown Source)
	at java.lang.reflect.Method.invoke(Unknown Source)
	at org.testng.internal.MethodInvocationHelper.invokeMethod(MethodInvocationHelper.java:104)
	at org.testng.internal.Invoker.invokeMethod(Invoker.java:645)
	at org.testng.internal.Invoker.invokeTestMethod(Invoker.java:851)
	at org.testng.internal.Invoker.invokeTestMethods(Invoker.java:1177)
	at org.testng.internal.TestMethodWorker.invokeTestMethods(TestMethodWorker.java:129)
	at org.testng.internal.TestMethodWorker.run(TestMethodWorker.java:112)
	at java.util.concurrent.ThreadPoolExecutor.runWorker(Unknown Source)
	at java.util.concurrent.ThreadPoolExecutor$Worker.run(Unknown Source)
	at java.lang.Thread.run(Unknown Source)
]]>
    </failure>
  </testcase> <!-- testGetNotificationsForChangeInAssets -->
  <testcase name="testGetNotificationsForChangeInAssets" time="101.856" classname="com.yodlee.app.yodleeApi.Insights.Notifications.V2.TestGetInsightsForChangeInAssets"/>
  <testcase name="testGetNotificationsForChangeInAssets" time="98.691" classname="com.yodlee.app.yodleeApi.Insights.Notifications.V2.TestGetInsightsForChangeInAssets"/>
  <testcase name="testGetNotificationsForChangeInAssets" time="99.648" classname="com.yodlee.app.yodleeApi.Insights.Notifications.V2.TestGetInsightsForChangeInAssets"/>
  <testcase name="testGetNotificationsForChangeInAssets" time="66.123" classname="com.yodlee.app.yodleeApi.Insights.Notifications.V2.TestGetInsightsForChangeInAssets">
    <failure type="java.lang.AssertionError" message="TEST FAILED">
      <![CDATA[java.lang.AssertionError: TEST FAILED
	at org.testng.Assert.fail(Assert.java:94)
	at com.yodlee.app.yodleeApi.Insights.Notifications.V2.TestGetInsightsForChangeInAssets.testGetNotificationsForChangeInAssets(TestGetInsightsForChangeInAssets.java:298)
	at sun.reflect.NativeMethodAccessorImpl.invoke0(Native Method)
	at sun.reflect.NativeMethodAccessorImpl.invoke(Unknown Source)
	at sun.reflect.DelegatingMethodAccessorImpl.invoke(Unknown Source)
	at java.lang.reflect.Method.invoke(Unknown Source)
	at org.testng.internal.MethodInvocationHelper.invokeMethod(MethodInvocationHelper.java:104)
	at org.testng.internal.Invoker.invokeMethod(Invoker.java:645)
	at org.testng.internal.Invoker.invokeTestMethod(Invoker.java:851)
	at org.testng.internal.Invoker.invokeTestMethods(Invoker.java:1177)
	at org.testng.internal.TestMethodWorker.invokeTestMethods(TestMethodWorker.java:129)
	at org.testng.internal.TestMethodWorker.run(TestMethodWorker.java:112)
	at java.util.concurrent.ThreadPoolExecutor.runWorker(Unknown Source)
	at java.util.concurrent.ThreadPoolExecutor$Worker.run(Unknown Source)
	at java.lang.Thread.run(Unknown Source)
]]>
    </failure>
  </testcase> <!-- testGetNotificationsForChangeInAssets -->
  <testcase name="testGetNotificationsForChangeInAssets" time="66.386" classname="com.yodlee.app.yodleeApi.Insights.Notifications.V2.TestGetInsightsForChangeInAssets">
    <failure type="java.lang.AssertionError" message="TEST FAILED">
      <![CDATA[java.lang.AssertionError: TEST FAILED
	at org.testng.Assert.fail(Assert.java:94)
	at com.yodlee.app.yodleeApi.Insights.Notifications.V2.TestGetInsightsForChangeInAssets.testGetNotificationsForChangeInAssets(TestGetInsightsForChangeInAssets.java:298)
	at sun.reflect.NativeMethodAccessorImpl.invoke0(Native Method)
	at sun.reflect.NativeMethodAccessorImpl.invoke(Unknown Source)
	at sun.reflect.DelegatingMethodAccessorImpl.invoke(Unknown Source)
	at java.lang.reflect.Method.invoke(Unknown Source)
	at org.testng.internal.MethodInvocationHelper.invokeMethod(MethodInvocationHelper.java:104)
	at org.testng.internal.Invoker.invokeMethod(Invoker.java:645)
	at org.testng.internal.Invoker.invokeTestMethod(Invoker.java:851)
	at org.testng.internal.Invoker.invokeTestMethods(Invoker.java:1177)
	at org.testng.internal.TestMethodWorker.invokeTestMethods(TestMethodWorker.java:129)
	at org.testng.internal.TestMethodWorker.run(TestMethodWorker.java:112)
	at java.util.concurrent.ThreadPoolExecutor.runWorker(Unknown Source)
	at java.util.concurrent.ThreadPoolExecutor$Worker.run(Unknown Source)
	at java.lang.Thread.run(Unknown Source)
]]>
    </failure>
  </testcase> <!-- testGetNotificationsForChangeInAssets -->
</testsuite> <!-- com.yodlee.app.yodleeApi.Insights.Notifications.V2.TestGetInsightsForChangeInAssets -->
