<?xml version="1.0" encoding="UTF-8"?>
<!-- Generated by org.testng.reporters.JUnitReportReporter -->
<testsuite hostname="IN-L2504" failures="0" tests="3" name="com.ListUsers.ListUsers" time="0.922" errors="0" timestamp="02 Mar 2021 07:24:11 GMT" skipped="0">
  <testcase classname="com.ListUsers.ListUsers" name="listSingleUserInformation" time="0.101"/>
  <testcase classname="com.ListUsers.ListUsers" name="listAllUsersInformaitonPageOne" time="0.404"/>
  <testcase classname="com.ListUsers.ListUsers" name="listAllUsersInformaitonPageTwo" time="0.417"/>
</testsuite> <!-- com.ListUsers.ListUsers -->
