<?xml version="1.0" encoding="UTF-8"?>
<!-- Generated by org.testng.reporters.JUnitReportReporter -->
<testsuite hostname="IN-L2504" failures="0" tests="4" name="com.RegisterUser.RegisterUser" time="4.013" errors="0" timestamp="02 Mar 2021 07:24:11 GMT" skipped="0">
  <testcase classname="com.RegisterUser.RegisterUser" name="registerUserSuccessfully" time="1.941"/>
  <testcase classname="com.RegisterUser.RegisterUser" name="registerUserUnSuccessfully_PasswordNotProvided" time="1.203"/>
  <testcase classname="com.RegisterUser.RegisterUser" name="registerUserUnSuccessfully_EmailNotProvided" time="0.424"/>
  <testcase classname="com.RegisterUser.RegisterUser" name="registerUserUnSuccessfully_WrongBody" time="0.445"/>
</testsuite> <!-- com.RegisterUser.RegisterUser -->
