<?xml version="1.0" encoding="UTF-8"?>
<!-- Generated by org.testng.reporters.JUnitReportReporter -->
<testsuite hostname="IN-L2504" failures="0" tests="3" name="com.ListUsers.ListUsers" time="1.176" errors="0" timestamp="25 Feb 2021 09:26:21 GMT" skipped="0">
  <testcase classname="com.ListUsers.ListUsers" name="listSingleUserInformation" time="0.403"/>
  <testcase classname="com.ListUsers.ListUsers" name="listAllUsersInformaitonPageOne" time="0.382"/>
  <testcase classname="com.ListUsers.ListUsers" name="listAllUsersInformaitonPageTwo" time="0.391"/>
</testsuite> <!-- com.ListUsers.ListUsers -->
