<?xml version="1.0" encoding="UTF-8"?>
<!-- Generated by org.testng.reporters.JUnitReportReporter -->
<testsuite hostname="IN-L2504" failures="0" tests="4" name="com.Update.UpdateUser" time="1.386" errors="0" timestamp="02 Mar 2021 07:24:11 GMT" skipped="0">
  <testcase classname="com.Update.UpdateUser" name="updateUser" time="0.393"/>
  <testcase classname="com.Update.UpdateUser" name="updateUserAndValidateUdpatedTime" time="0.401"/>
  <testcase classname="com.Update.UpdateUser" name="updateUserNegativeUseCase" time="0.369"/>
  <testcase classname="com.Update.UpdateUser" name="updateOnlyJobInUserInfo" time="0.223"/>
</testsuite> <!-- com.Update.UpdateUser -->
