<?xml version="1.0" encoding="UTF-8"?>
<!-- Generated by org.testng.reporters.JUnitReportReporter -->
<testsuite hostname="IN-L2504" failures="0" tests="2" name="com.CreateUser.CreateUser" time="0.517" errors="0" timestamp="02 Mar 2021 07:24:11 GMT" skipped="0">
  <testcase classname="com.CreateUser.CreateUser" name="createUserSuccessfully" time="0.285"/>
  <testcase classname="com.CreateUser.CreateUser" name="createUserUnSuccessfully_BodyNotProvided" time="0.232"/>
</testsuite> <!-- com.CreateUser.CreateUser -->
