<?xml version="1.0" encoding="UTF-8"?>
<!-- Generated by org.testng.reporters.JUnitReportReporter -->
<testsuite hostname="IN-L2504" failures="0" tests="2" name="com.DeleteUser.DeleteUser" time="0.722" errors="0" timestamp="25 Feb 2021 09:26:22 GMT" skipped="0">
  <testcase classname="com.DeleteUser.DeleteUser" name="deleteUser1" time="0.362"/>
  <testcase classname="com.DeleteUser.DeleteUser" name="deleteUser2" time="0.360"/>
</testsuite> <!-- com.DeleteUser.DeleteUser -->
