<?xml version="1.0" encoding="UTF-8"?>
<!-- Generated by org.testng.reporters.JUnitReportReporter -->
<testsuite hostname="IN-L2504" failures="0" tests="4" name="com.RegisterUser.RegisterUser" time="2.854" errors="0" timestamp="25 Feb 2021 09:26:22 GMT" skipped="0">
  <testcase classname="com.RegisterUser.RegisterUser" name="registerUserSuccessfully" time="1.250"/>
  <testcase classname="com.RegisterUser.RegisterUser" name="registerUserUnSuccessfully_PasswordNotProvided" time="0.810"/>
  <testcase classname="com.RegisterUser.RegisterUser" name="registerUserUnSuccessfully_EmailNotProvided" time="0.407"/>
  <testcase classname="com.RegisterUser.RegisterUser" name="registerUserUnSuccessfully_WrongBody" time="0.387"/>
</testsuite> <!-- com.RegisterUser.RegisterUser -->
