<?xml version="1.0" encoding="UTF-8"?>
<!-- Generated by org.testng.reporters.JUnitReportReporter -->
<testsuite hostname="IN-L2504" failures="0" tests="2" name="com.DeleteUser.DeleteUser" time="0.757" errors="0" timestamp="02 Mar 2021 07:24:11 GMT" skipped="0">
  <testcase classname="com.DeleteUser.DeleteUser" name="deleteUser1" time="0.388"/>
  <testcase classname="com.DeleteUser.DeleteUser" name="deleteUser2" time="0.369"/>
</testsuite> <!-- com.DeleteUser.DeleteUser -->
