<?xml version="1.0" encoding="UTF-8"?>
<!-- Generated by org.testng.reporters.JUnitReportReporter -->
<testsuite hostname="IN-L2504" failures="0" tests="4" name="com.Update.UpdateUser" time="1.455" errors="0" timestamp="25 Feb 2021 09:26:21 GMT" skipped="0">
  <testcase classname="com.Update.UpdateUser" name="updateUser" time="0.385"/>
  <testcase classname="com.Update.UpdateUser" name="updateUserAndValidateUdpatedTime" time="0.371"/>
  <testcase classname="com.Update.UpdateUser" name="updateUserNegativeUseCase" time="0.341"/>
  <testcase classname="com.Update.UpdateUser" name="updateOnlyJobInUserInfo" time="0.358"/>
</testsuite> <!-- com.Update.UpdateUser -->
