<?xml version="1.0" encoding="UTF-8"?>
<!-- Generated by org.testng.reporters.JUnitReportReporter -->
<testsuite skipped="0" hostname="IN-L2504" name="com.WebAppAutomation.HomePage" tests="2" failures="0" timestamp="23 Feb 2021 11:33:49 GMT" time="13.149" errors="0">
  <testcase name="verifyLandingPage" time="13.148" classname="com.WebAppAutomation.HomePage"/>
  <testcase name="planPurchase" time="0.001" classname="com.WebAppAutomation.HomePage"/>
</testsuite> <!-- com.WebAppAutomation.HomePage -->
